2025-04-29 11:19:16,521 - INFO - ==================================================
2025-04-29 11:19:16,521 - INFO - 情感分析处理程序启动
2025-04-29 11:19:16,522 - INFO - ==================================================
2025-04-29 11:19:16,526 - INFO - 使用模型版本: v4
2025-04-29 11:19:16,526 - INFO - 模型说明: 30000条数据训练的四分类模型 (0:负面, 1:正面, 2:中性, 3:无关)
2025-04-29 11:19:16,526 - INFO - 模型路径: D:\graduation_project\car_sentiment_analysis\src/saved_models/checkpoints/v4/best_model.pth
2025-04-29 11:19:16,537 - INFO - 已加载阈值配置：0.4
2025-04-29 11:19:16,538 - INFO - 使用阈值：0.4
2025-04-29 11:19:16,538 - INFO - 正在加载模型: D:\graduation_project\car_sentiment_analysis\src/saved_models/checkpoints/v4/best_model.pth
2025-04-29 11:19:51,959 - INFO - 模型加载完成
2025-04-29 11:19:51,968 - INFO - 
处理进度: [1/39] 表: toyota_corolla
2025-04-29 11:19:52,010 - INFO - 表 toyota_corolla 中没有未处理的数据
2025-04-29 11:19:52,011 - INFO - 表 toyota_corolla 处理完成
2025-04-29 11:19:52,011 - INFO - 
处理进度: [2/39] 表: nissan_sylphy
2025-04-29 11:20:02,247 - INFO - 成功更新 1000 条记录
2025-04-29 11:20:11,294 - INFO - 成功更新 1000 条记录
2025-04-29 11:20:17,140 - INFO - 成功更新 639 条记录
2025-04-29 11:20:17,274 - INFO - 表 nissan_sylphy 中没有未处理的数据
2025-04-29 11:20:17,275 - INFO - 表 nissan_sylphy 处理完成
2025-04-29 11:20:17,275 - INFO - 
处理进度: [3/39] 表: volvo_s60
2025-04-29 11:20:26,113 - INFO - 成功更新 1000 条记录
2025-04-29 11:20:33,232 - INFO - 成功更新 792 条记录
2025-04-29 11:20:33,357 - INFO - 表 volvo_s60 中没有未处理的数据
2025-04-29 11:20:33,358 - INFO - 表 volvo_s60 处理完成
2025-04-29 11:20:33,358 - INFO - 
处理进度: [4/39] 表: volkswagen_lavida
2025-04-29 11:20:42,258 - INFO - 成功更新 1000 条记录
2025-04-29 11:20:51,274 - INFO - 成功更新 1000 条记录
2025-04-29 11:20:52,353 - INFO - 成功更新 105 条记录
2025-04-29 11:20:52,487 - INFO - 表 volkswagen_lavida 中没有未处理的数据
2025-04-29 11:20:52,488 - INFO - 表 volkswagen_lavida 处理完成
2025-04-29 11:20:52,489 - INFO - 
处理进度: [5/39] 表: buick_excelle_gt
2025-04-29 11:21:01,445 - INFO - 成功更新 1000 条记录
2025-04-29 11:21:03,400 - INFO - 成功更新 203 条记录
2025-04-29 11:21:03,537 - INFO - 表 buick_excelle_gt 中没有未处理的数据
2025-04-29 11:21:03,538 - INFO - 表 buick_excelle_gt 处理完成
2025-04-29 11:21:03,538 - INFO - 
处理进度: [6/39] 表: volkswagen_sagitar
2025-04-29 11:21:12,446 - INFO - 成功更新 1000 条记录
2025-04-29 11:21:21,457 - INFO - 成功更新 1000 条记录
2025-04-29 11:21:27,872 - INFO - 成功更新 691 条记录
2025-04-29 11:21:27,998 - INFO - 表 volkswagen_sagitar 中没有未处理的数据
2025-04-29 11:21:27,999 - INFO - 表 volkswagen_sagitar 处理完成
2025-04-29 11:21:28,000 - INFO - 
处理进度: [7/39] 表: volkswagen_passat
2025-04-29 11:21:37,137 - INFO - 成功更新 1000 条记录
2025-04-29 11:21:41,461 - INFO - 成功更新 461 条记录
2025-04-29 11:21:41,586 - INFO - 表 volkswagen_passat 中没有未处理的数据
2025-04-29 11:21:41,587 - INFO - 表 volkswagen_passat 处理完成
2025-04-29 11:21:41,588 - INFO - 
处理进度: [8/39] 表: cadillac_ct4
2025-04-29 11:21:50,716 - INFO - 成功更新 1000 条记录
2025-04-29 11:21:52,411 - INFO - 成功更新 166 条记录
2025-04-29 11:21:52,544 - INFO - 表 cadillac_ct4 中没有未处理的数据
2025-04-29 11:21:52,545 - INFO - 表 cadillac_ct4 处理完成
2025-04-29 11:21:52,546 - INFO - 
处理进度: [9/39] 表: chery_arrizo_8
2025-04-29 11:22:01,855 - INFO - 成功更新 1000 条记录
2025-04-29 11:22:08,183 - INFO - 成功更新 664 条记录
2025-04-29 11:22:08,326 - INFO - 表 chery_arrizo_8 中没有未处理的数据
2025-04-29 11:22:08,328 - INFO - 表 chery_arrizo_8 处理完成
2025-04-29 11:22:08,328 - INFO - 
处理进度: [10/39] 表: honda_civic
2025-04-29 11:22:17,941 - INFO - 成功更新 1000 条记录
2025-04-29 11:22:24,286 - INFO - 成功更新 650 条记录
2025-04-29 11:22:24,418 - INFO - 表 honda_civic 中没有未处理的数据
2025-04-29 11:22:24,418 - INFO - 表 honda_civic 处理完成
2025-04-29 11:22:24,419 - INFO - 
处理进度: [11/39] 表: honda_accord
2025-04-29 11:22:34,153 - INFO - 成功更新 1000 条记录
2025-04-29 11:22:39,533 - INFO - 成功更新 566 条记录
2025-04-29 11:22:39,662 - INFO - 表 honda_accord 中没有未处理的数据
2025-04-29 11:22:39,663 - INFO - 表 honda_accord 处理完成
2025-04-29 11:22:39,663 - INFO - 
处理进度: [12/39] 表: geely_preface
2025-04-29 11:22:49,188 - INFO - 成功更新 1000 条记录
2025-04-29 11:22:57,116 - INFO - 成功更新 838 条记录
2025-04-29 11:22:57,262 - INFO - 表 geely_preface 中没有未处理的数据
2025-04-29 11:22:57,263 - INFO - 表 geely_preface 处理完成
2025-04-29 11:22:57,264 - INFO - 
处理进度: [13/39] 表: geely_emgrand
2025-04-29 11:22:57,285 - INFO - 表 geely_emgrand 中没有未处理的数据
2025-04-29 11:22:57,286 - INFO - 表 geely_emgrand 处理完成
2025-04-29 11:22:57,286 - INFO - 
处理进度: [14/39] 表: hongqi_h5
2025-04-29 11:23:06,487 - INFO - 成功更新 1000 条记录
2025-04-29 11:23:15,670 - INFO - 成功更新 1000 条记录
2025-04-29 11:23:19,835 - INFO - 成功更新 442 条记录
2025-04-29 11:23:19,960 - INFO - 表 hongqi_h5 中没有未处理的数据
2025-04-29 11:23:19,961 - INFO - 表 hongqi_h5 处理完成
2025-04-29 11:23:19,962 - INFO - 
处理进度: [15/39] 表: changan_eado
2025-04-29 11:23:29,087 - INFO - 成功更新 1000 条记录
2025-04-29 11:23:33,832 - INFO - 成功更新 510 条记录
2025-04-29 11:23:33,953 - INFO - 表 changan_eado 中没有未处理的数据
2025-04-29 11:23:33,954 - INFO - 表 changan_eado 处理完成
2025-04-29 11:23:33,954 - INFO - 
处理进度: [16/39] 表: geely_xingyue_l
2025-04-29 11:23:43,087 - INFO - 成功更新 1000 条记录
2025-04-29 11:23:49,083 - INFO - 成功更新 646 条记录
2025-04-29 11:23:49,213 - INFO - 表 geely_xingyue_l 中没有未处理的数据
2025-04-29 11:23:49,214 - INFO - 表 geely_xingyue_l 处理完成
2025-04-29 11:23:49,214 - INFO - 
处理进度: [17/39] 表: haval_h5
2025-04-29 11:23:58,314 - INFO - 成功更新 996 条记录
2025-04-29 11:23:58,453 - INFO - 表 haval_h5 中没有未处理的数据
2025-04-29 11:23:58,453 - INFO - 表 haval_h5 处理完成
2025-04-29 11:23:58,454 - INFO - 
处理进度: [18/39] 表: tank_300
2025-04-29 11:24:07,649 - INFO - 成功更新 1000 条记录
2025-04-29 11:24:08,242 - INFO - 成功更新 48 条记录
2025-04-29 11:24:08,377 - INFO - 表 tank_300 中没有未处理的数据
2025-04-29 11:24:08,378 - INFO - 表 tank_300 处理完成
2025-04-29 11:24:08,379 - INFO - 
处理进度: [19/39] 表: byd_song_pro
2025-04-29 11:24:17,447 - INFO - 成功更新 1000 条记录
2025-04-29 11:24:21,737 - INFO - 成功更新 450 条记录
2025-04-29 11:24:21,872 - INFO - 表 byd_song_pro 中没有未处理的数据
2025-04-29 11:24:21,873 - INFO - 表 byd_song_pro 处理完成
2025-04-29 11:24:21,873 - INFO - 
处理进度: [20/39] 表: saic_volkswagen_tiguan_l_pro
2025-04-29 11:24:29,182 - INFO - 成功更新 790 条记录
2025-04-29 11:24:29,315 - INFO - 表 saic_volkswagen_tiguan_l_pro 中没有未处理的数据
2025-04-29 11:24:29,316 - INFO - 表 saic_volkswagen_tiguan_l_pro 处理完成
2025-04-29 11:24:29,317 - INFO - 
处理进度: [21/39] 表: bmw_x3
2025-04-29 11:24:38,435 - INFO - 成功更新 1000 条记录
2025-04-29 11:24:41,357 - INFO - 成功更新 299 条记录
2025-04-29 11:24:41,495 - INFO - 表 bmw_x3 中没有未处理的数据
2025-04-29 11:24:41,495 - INFO - 表 bmw_x3 处理完成
2025-04-29 11:24:41,496 - INFO - 
处理进度: [22/39] 表: audi_q5l
2025-04-29 11:24:50,577 - INFO - 成功更新 1000 条记录
2025-04-29 11:24:57,140 - INFO - 成功更新 706 条记录
2025-04-29 11:24:57,269 - INFO - 表 audi_q5l 中没有未处理的数据
2025-04-29 11:24:57,270 - INFO - 表 audi_q5l 处理完成
2025-04-29 11:24:57,271 - INFO - 
处理进度: [23/39] 表: buick_envision
2025-04-29 11:25:06,415 - INFO - 成功更新 1000 条记录
2025-04-29 11:25:15,545 - INFO - 成功更新 1000 条记录
2025-04-29 11:25:24,723 - INFO - 成功更新 1000 条记录
2025-04-29 11:25:34,222 - INFO - 成功更新 1000 条记录
2025-04-29 11:25:43,487 - INFO - 成功更新 1000 条记录
2025-04-29 11:25:51,346 - INFO - 成功更新 836 条记录
2025-04-29 11:25:51,484 - INFO - 表 buick_envision 中没有未处理的数据
2025-04-29 11:25:51,485 - INFO - 表 buick_envision 处理完成
2025-04-29 11:25:51,485 - INFO - 
处理进度: [24/39] 表: chevrolet_equinox
2025-04-29 11:26:00,715 - INFO - 成功更新 1000 条记录
2025-04-29 11:26:02,783 - INFO - 成功更新 193 条记录
2025-04-29 11:26:02,914 - INFO - 表 chevrolet_equinox 中没有未处理的数据
2025-04-29 11:26:02,914 - INFO - 表 chevrolet_equinox 处理完成
2025-04-29 11:26:02,914 - INFO - 
处理进度: [25/39] 表: jeep_compass
2025-04-29 11:26:09,234 - INFO - 成功更新 682 条记录
2025-04-29 11:26:09,366 - INFO - 表 jeep_compass 中没有未处理的数据
2025-04-29 11:26:09,367 - INFO - 表 jeep_compass 处理完成
2025-04-29 11:26:09,367 - INFO - 
处理进度: [26/39] 表: gac_trumpchi_m8
2025-04-29 11:26:18,614 - INFO - 成功更新 1000 条记录
2025-04-29 11:26:20,044 - INFO - 成功更新 138 条记录
2025-04-29 11:26:20,183 - INFO - 表 gac_trumpchi_m8 中没有未处理的数据
2025-04-29 11:26:20,184 - INFO - 表 gac_trumpchi_m8 处理完成
2025-04-29 11:26:20,185 - INFO - 
处理进度: [27/39] 表: buick_gl8
2025-04-29 11:26:29,370 - INFO - 成功更新 1000 条记录
2025-04-29 11:26:30,162 - INFO - 成功更新 66 条记录
2025-04-29 11:26:30,288 - INFO - 表 buick_gl8 中没有未处理的数据
2025-04-29 11:26:30,289 - INFO - 表 buick_gl8 处理完成
2025-04-29 11:26:30,290 - INFO - 
处理进度: [28/39] 表: honda_odyssey
2025-04-29 11:26:39,516 - INFO - 成功更新 1000 条记录
2025-04-29 11:26:45,213 - INFO - 成功更新 577 条记录
2025-04-29 11:26:45,347 - INFO - 表 honda_odyssey 中没有未处理的数据
2025-04-29 11:26:45,348 - INFO - 表 honda_odyssey 处理完成
2025-04-29 11:26:45,348 - INFO - 
处理进度: [29/39] 表: toyota_sienna
2025-04-29 11:26:54,763 - INFO - 成功更新 1000 条记录
2025-04-29 11:26:57,721 - INFO - 成功更新 300 条记录
2025-04-29 11:26:57,849 - INFO - 表 toyota_sienna 中没有未处理的数据
2025-04-29 11:26:57,851 - INFO - 表 toyota_sienna 处理完成
2025-04-29 11:26:57,851 - INFO - 
处理进度: [30/39] 表: saic_volkswagen_viloran
2025-04-29 11:27:05,970 - INFO - 成功更新 889 条记录
2025-04-29 11:27:06,109 - INFO - 表 saic_volkswagen_viloran 中没有未处理的数据
2025-04-29 11:27:06,109 - INFO - 表 saic_volkswagen_viloran 处理完成
2025-04-29 11:27:06,110 - INFO - 
处理进度: [31/39] 表: byd_han
2025-04-29 11:27:15,322 - INFO - 成功更新 1000 条记录
2025-04-29 11:27:20,157 - INFO - 成功更新 433 条记录
2025-04-29 11:27:21,190 - INFO - 表 byd_han 中没有未处理的数据
2025-04-29 11:27:21,191 - INFO - 表 byd_han 处理完成
2025-04-29 11:27:21,192 - INFO - 
处理进度: [32/39] 表: gac_aion_aion_s
2025-04-29 11:27:30,218 - INFO - 成功更新 894 条记录
2025-04-29 11:27:30,343 - INFO - 表 gac_aion_aion_s 中没有未处理的数据
2025-04-29 11:27:30,344 - INFO - 表 gac_aion_aion_s 处理完成
2025-04-29 11:27:30,345 - INFO - 
处理进度: [33/39] 表: tesla_model_3
2025-04-29 11:27:39,671 - INFO - 成功更新 1000 条记录
2025-04-29 11:27:41,534 - INFO - 成功更新 178 条记录
2025-04-29 11:27:41,660 - INFO - 表 tesla_model_3 中没有未处理的数据
2025-04-29 11:27:41,661 - INFO - 表 tesla_model_3 处理完成
2025-04-29 11:27:41,662 - INFO - 
处理进度: [34/39] 表: bmw_i3
2025-04-29 11:27:51,049 - INFO - 成功更新 1000 条记录
2025-04-29 11:27:52,394 - INFO - 成功更新 123 条记录
2025-04-29 11:27:52,530 - INFO - 表 bmw_i3 中没有未处理的数据
2025-04-29 11:27:52,531 - INFO - 表 bmw_i3 处理完成
2025-04-29 11:27:52,532 - INFO - 
处理进度: [35/39] 表: mercedes_benz_eqc
2025-04-29 11:27:57,540 - INFO - 成功更新 529 条记录
2025-04-29 11:27:57,678 - INFO - 表 mercedes_benz_eqc 中没有未处理的数据
2025-04-29 11:27:57,679 - INFO - 表 mercedes_benz_eqc 处理完成
2025-04-29 11:27:57,679 - INFO - 
处理进度: [36/39] 表: byd_qin_plus_ev
2025-04-29 11:28:04,062 - INFO - 成功更新 668 条记录
2025-04-29 11:28:04,192 - INFO - 表 byd_qin_plus_ev 中没有未处理的数据
2025-04-29 11:28:04,193 - INFO - 表 byd_qin_plus_ev 处理完成
2025-04-29 11:28:04,193 - INFO - 
处理进度: [37/39] 表: nio_et5
2025-04-29 11:28:13,452 - INFO - 成功更新 1000 条记录
2025-04-29 11:28:22,797 - INFO - 成功更新 1000 条记录
2025-04-29 11:28:27,460 - INFO - 成功更新 491 条记录
2025-04-29 11:28:27,592 - INFO - 表 nio_et5 中没有未处理的数据
2025-04-29 11:28:27,593 - INFO - 表 nio_et5 处理完成
2025-04-29 11:28:27,594 - INFO - 
处理进度: [38/39] 表: xpeng_p7
2025-04-29 11:28:36,771 - INFO - 成功更新 1000 条记录
2025-04-29 11:28:37,008 - INFO - 成功更新 8 条记录
2025-04-29 11:28:37,140 - INFO - 表 xpeng_p7 中没有未处理的数据
2025-04-29 11:28:37,141 - INFO - 表 xpeng_p7 处理完成
2025-04-29 11:28:37,141 - INFO - 
处理进度: [39/39] 表: xiaomi_su7
2025-04-29 11:28:46,381 - INFO - 成功更新 1000 条记录
2025-04-29 11:28:46,808 - INFO - 成功更新 28 条记录
2025-04-29 11:28:46,938 - INFO - 表 xiaomi_su7 中没有未处理的数据
2025-04-29 11:28:46,939 - INFO - 表 xiaomi_su7 处理完成
