2025-04-28 11:06:55,358 - INFO - 加载验证数据: 21109 条记录
2025-04-28 11:06:55,358 - INFO - 
类别分布:
2025-04-28 11:06:55,360 - INFO - 类别 2: 7105 条 (33.66%)
2025-04-28 11:06:55,360 - INFO - 类别 1: 5078 条 (24.06%)
2025-04-28 11:06:55,361 - INFO - 类别 3: 4834 条 (22.90%)
2025-04-28 11:06:55,361 - INFO - 类别 0: 4092 条 (19.39%)
2025-04-28 11:06:55,363 - INFO - 验证数据集准备完成: 21109 条记录
2025-04-28 11:07:17,152 - INFO - 成功加载模型: D:\graduation_project\car_sentiment_analysis\src/saved_models/checkpoints/v4/best_model.pth
2025-04-28 11:07:17,168 - INFO - 使用设备: cuda
2025-04-28 11:07:17,168 - INFO - 
测试阈值: 0.50
2025-04-28 11:10:06,610 - INFO - 
类别详细指标:
2025-04-28 11:10:06,610 - INFO - 类别 0: Precision=0.895, Recall=0.866, F1=0.880
2025-04-28 11:10:06,610 - INFO - 类别 1: Precision=0.930, Recall=0.784, F1=0.851
2025-04-28 11:10:06,610 - INFO - 类别 2: Precision=0.804, Recall=0.920, F1=0.858
2025-04-28 11:10:06,610 - INFO - 类别 3: Precision=0.874, Recall=0.856, F1=0.865
2025-04-28 11:10:06,624 - INFO - 当前阈值 0.50 的性能:
2025-04-28 11:10:06,624 - INFO - 整体指标:
2025-04-28 11:10:06,624 - INFO -   Precision: 0.868
2025-04-28 11:10:06,626 - INFO -   Recall: 0.862
2025-04-28 11:10:06,627 - INFO -   F1: 0.862
2025-04-28 11:10:06,627 - INFO - 正向类别指标:
2025-04-28 11:10:06,627 - INFO -   Precision: 0.930
2025-04-28 11:10:06,628 - INFO -   Recall: 0.784
2025-04-28 11:10:06,628 - INFO -   F1: 0.851
2025-04-28 11:10:06,629 - INFO - 综合得分: 0.903
2025-04-28 11:10:06,629 - INFO - 
测试阈值: 0.55
2025-04-28 11:12:57,506 - INFO - 
类别详细指标:
2025-04-28 11:12:57,507 - INFO - 类别 0: Precision=0.886, Recall=0.868, F1=0.877
2025-04-28 11:12:57,507 - INFO - 类别 1: Precision=0.945, Recall=0.767, F1=0.847
2025-04-28 11:12:57,507 - INFO - 类别 2: Precision=0.799, Recall=0.924, F1=0.857
2025-04-28 11:12:57,507 - INFO - 类别 3: Precision=0.871, Recall=0.857, F1=0.864
2025-04-28 11:12:57,507 - INFO - 当前阈值 0.55 的性能:
2025-04-28 11:12:57,507 - INFO - 整体指标:
2025-04-28 11:12:57,507 - INFO -   Precision: 0.867
2025-04-28 11:12:57,507 - INFO -   Recall: 0.860
2025-04-28 11:12:57,507 - INFO -   F1: 0.860
2025-04-28 11:12:57,507 - INFO - 正向类别指标:
2025-04-28 11:12:57,507 - INFO -   Precision: 0.945
2025-04-28 11:12:57,507 - INFO -   Recall: 0.767
2025-04-28 11:12:57,507 - INFO -   F1: 0.847
2025-04-28 11:12:57,507 - INFO - 综合得分: 0.911
2025-04-28 11:12:57,514 - INFO - 
测试阈值: 0.60
2025-04-28 11:15:49,712 - INFO - 
类别详细指标:
2025-04-28 11:15:49,712 - INFO - 类别 0: Precision=0.885, Recall=0.869, F1=0.877
2025-04-28 11:15:49,712 - INFO - 类别 1: Precision=0.958, Recall=0.761, F1=0.848
2025-04-28 11:15:49,712 - INFO - 类别 2: Precision=0.796, Recall=0.929, F1=0.857
2025-04-28 11:15:49,712 - INFO - 类别 3: Precision=0.870, Recall=0.858, F1=0.864
2025-04-28 11:15:49,712 - INFO - 当前阈值 0.60 的性能:
2025-04-28 11:15:49,712 - INFO - 整体指标:
2025-04-28 11:15:49,712 - INFO -   Precision: 0.869
2025-04-28 11:15:49,712 - INFO -   Recall: 0.861
2025-04-28 11:15:49,712 - INFO -   F1: 0.861
2025-04-28 11:15:49,712 - INFO - 正向类别指标:
2025-04-28 11:15:49,712 - INFO -   Precision: 0.958
2025-04-28 11:15:49,727 - INFO -   Recall: 0.761
2025-04-28 11:15:49,727 - INFO -   F1: 0.848
2025-04-28 11:15:49,728 - INFO - 综合得分: 0.920
2025-04-28 11:15:49,728 - INFO - 
测试阈值: 0.65
2025-04-28 11:18:42,154 - INFO - 
类别详细指标:
2025-04-28 11:18:42,154 - INFO - 类别 0: Precision=0.884, Recall=0.870, F1=0.877
2025-04-28 11:18:42,154 - INFO - 类别 1: Precision=0.965, Recall=0.755, F1=0.848
2025-04-28 11:18:42,154 - INFO - 类别 2: Precision=0.795, Recall=0.931, F1=0.858
2025-04-28 11:18:42,154 - INFO - 类别 3: Precision=0.868, Recall=0.859, F1=0.863
2025-04-28 11:18:42,154 - INFO - 当前阈值 0.65 的性能:
2025-04-28 11:18:42,154 - INFO - 整体指标:
2025-04-28 11:18:42,154 - INFO -   Precision: 0.870
2025-04-28 11:18:42,154 - INFO -   Recall: 0.860
2025-04-28 11:18:42,154 - INFO -   F1: 0.860
2025-04-28 11:18:42,154 - INFO - 正向类别指标:
2025-04-28 11:18:42,154 - INFO -   Precision: 0.965
2025-04-28 11:18:42,154 - INFO -   Recall: 0.755
2025-04-28 11:18:42,161 - INFO -   F1: 0.848
2025-04-28 11:18:42,161 - INFO - 综合得分: 0.924
2025-04-28 11:18:42,161 - INFO - 
测试阈值: 0.70
2025-04-28 11:21:34,876 - INFO - 
类别详细指标:
2025-04-28 11:21:34,876 - INFO - 类别 0: Precision=0.884, Recall=0.870, F1=0.877
2025-04-28 11:21:34,876 - INFO - 类别 1: Precision=0.971, Recall=0.752, F1=0.847
2025-04-28 11:21:34,876 - INFO - 类别 2: Precision=0.793, Recall=0.934, F1=0.858
2025-04-28 11:21:34,876 - INFO - 类别 3: Precision=0.867, Recall=0.859, F1=0.863
2025-04-28 11:21:34,876 - INFO - 当前阈值 0.70 的性能:
2025-04-28 11:21:34,876 - INFO - 整体指标:
2025-04-28 11:21:34,876 - INFO -   Precision: 0.870
2025-04-28 11:21:34,876 - INFO -   Recall: 0.860
2025-04-28 11:21:34,876 - INFO -   F1: 0.860
2025-04-28 11:21:34,876 - INFO - 正向类别指标:
2025-04-28 11:21:34,876 - INFO -   Precision: 0.971
2025-04-28 11:21:34,876 - INFO -   Recall: 0.752
2025-04-28 11:21:34,876 - INFO -   F1: 0.847
2025-04-28 11:21:34,887 - INFO - 综合得分: 0.927
2025-04-28 11:21:34,887 - INFO - 
测试阈值: 0.75
2025-04-28 11:24:26,545 - INFO - 
类别详细指标:
2025-04-28 11:24:26,545 - INFO - 类别 0: Precision=0.884, Recall=0.870, F1=0.877
2025-04-28 11:24:26,545 - INFO - 类别 1: Precision=0.976, Recall=0.747, F1=0.846
2025-04-28 11:24:26,545 - INFO - 类别 2: Precision=0.791, Recall=0.936, F1=0.857
2025-04-28 11:24:26,545 - INFO - 类别 3: Precision=0.867, Recall=0.859, F1=0.863
2025-04-28 11:24:26,545 - INFO - 当前阈值 0.75 的性能:
2025-04-28 11:24:26,545 - INFO - 整体指标:
2025-04-28 11:24:26,545 - INFO -   Precision: 0.871
2025-04-28 11:24:26,545 - INFO -   Recall: 0.860
2025-04-28 11:24:26,545 - INFO -   F1: 0.860
2025-04-28 11:24:26,545 - INFO - 正向类别指标:
2025-04-28 11:24:26,552 - INFO -   Precision: 0.976
2025-04-28 11:24:26,552 - INFO -   Recall: 0.747
2025-04-28 11:24:26,553 - INFO -   F1: 0.846
2025-04-28 11:24:26,553 - INFO - 综合得分: 0.930
2025-04-28 11:24:26,553 - INFO - 
测试阈值: 0.80
2025-04-28 11:27:18,226 - INFO - 
类别详细指标:
2025-04-28 11:27:18,226 - INFO - 类别 0: Precision=0.884, Recall=0.870, F1=0.877
2025-04-28 11:27:18,226 - INFO - 类别 1: Precision=0.979, Recall=0.739, F1=0.843
2025-04-28 11:27:18,226 - INFO - 类别 2: Precision=0.787, Recall=0.937, F1=0.856
2025-04-28 11:27:18,226 - INFO - 类别 3: Precision=0.867, Recall=0.859, F1=0.863
2025-04-28 11:27:18,226 - INFO - 当前阈值 0.80 的性能:
2025-04-28 11:27:18,226 - INFO - 整体指标:
2025-04-28 11:27:18,226 - INFO -   Precision: 0.871
2025-04-28 11:27:18,226 - INFO -   Recall: 0.859
2025-04-28 11:27:18,226 - INFO -   F1: 0.858
2025-04-28 11:27:18,226 - INFO - 正向类别指标:
2025-04-28 11:27:18,226 - INFO -   Precision: 0.979
2025-04-28 11:27:18,226 - INFO -   Recall: 0.739
2025-04-28 11:27:18,226 - INFO -   F1: 0.843
2025-04-28 11:27:18,226 - INFO - 综合得分: 0.932
2025-04-28 11:27:18,226 - INFO - 
测试阈值: 0.85
2025-04-28 11:30:11,569 - INFO - 
类别详细指标:
2025-04-28 11:30:11,569 - INFO - 类别 0: Precision=0.883, Recall=0.870, F1=0.876
2025-04-28 11:30:11,569 - INFO - 类别 1: Precision=0.984, Recall=0.732, F1=0.839
2025-04-28 11:30:11,569 - INFO - 类别 2: Precision=0.785, Recall=0.940, F1=0.855
2025-04-28 11:30:11,569 - INFO - 类别 3: Precision=0.867, Recall=0.859, F1=0.863
2025-04-28 11:30:11,569 - INFO - 当前阈值 0.85 的性能:
2025-04-28 11:30:11,569 - INFO - 整体指标:
2025-04-28 11:30:11,569 - INFO -   Precision: 0.870
2025-04-28 11:30:11,569 - INFO -   Recall: 0.858
2025-04-28 11:30:11,569 - INFO -   F1: 0.857
2025-04-28 11:30:11,569 - INFO - 正向类别指标:
2025-04-28 11:30:11,569 - INFO -   Precision: 0.984
2025-04-28 11:30:11,569 - INFO -   Recall: 0.732
2025-04-28 11:30:11,569 - INFO -   F1: 0.839
2025-04-28 11:30:11,583 - INFO - 综合得分: 0.934
2025-04-28 11:30:11,583 - INFO - 
最优阈值: 0.850
2025-04-28 11:30:11,584 - INFO - 在最优阈值下的性能:
2025-04-28 11:30:11,584 - INFO - 整体指标:
2025-04-28 11:30:11,585 - INFO -   Precision: 0.870
2025-04-28 11:30:11,585 - INFO -   Recall: 0.858
2025-04-28 11:30:11,586 - INFO -   F1: 0.857
2025-04-28 11:30:11,586 - INFO - 正向类别指标:
2025-04-28 11:30:11,586 - INFO -   Precision: 0.984
2025-04-28 11:30:11,587 - INFO -   Recall: 0.732
2025-04-28 11:30:11,587 - INFO -   F1: 0.839
2025-04-28 11:30:11,595 - INFO - 
最优阈值配置已保存到 D:\graduation_project\car_sentiment_analysis\src/model_process/threshold_config.json
2025-04-28 11:30:11,596 - INFO - 最优阈值: 0.850
2025-04-28 11:30:11,596 - ERROR - 程序执行错误: 'f1'
