2025-04-28 15:01:45,892 - INFO - 项目根目录: D:\graduation_project\car_sentiment_analysis
2025-04-28 15:01:45,892 - INFO - 日志目录: D:\graduation_project\car_sentiment_analysis\src\saved_models\logs\threshold\0.36-0.46
2025-04-28 15:01:45,892 - INFO - 日志文件: D:\graduation_project\car_sentiment_analysis\src\saved_models\logs\threshold\0.36-0.46\threshold_search@0.36-0.46_20250428_150145.log
2025-04-28 15:01:59,048 - INFO - 加载验证数据: 21109 条记录
2025-04-28 15:01:59,048 - INFO - 
类别分布:
2025-04-28 15:01:59,048 - INFO - 类别 2: 7105 条 (33.66%)
2025-04-28 15:01:59,062 - INFO - 类别 1: 5078 条 (24.06%)
2025-04-28 15:01:59,062 - INFO - 类别 3: 4834 条 (22.90%)
2025-04-28 15:01:59,062 - INFO - 类别 0: 4092 条 (19.39%)
2025-04-28 15:01:59,063 - INFO - 验证数据集准备完成: 21109 条记录
2025-04-28 15:02:20,590 - INFO - 成功加载模型: D:\graduation_project\car_sentiment_analysis\src/saved_models/checkpoints/v4/best_model.pth
2025-04-28 15:02:20,592 - INFO - 使用设备: cuda
2025-04-28 15:02:20,593 - INFO - 
评估基线模型性能（无阈值调整）:
2025-04-28 15:05:13,459 - INFO - 
基线模型性能:
2025-04-28 15:05:13,459 - INFO - 整体指标:
2025-04-28 15:05:13,459 - INFO -   Precision: 0.882
2025-04-28 15:05:13,459 - INFO -   Recall: 0.872
2025-04-28 15:05:13,459 - INFO -   F1: 0.873
2025-04-28 15:05:13,505 - INFO - 
各类别性能:
2025-04-28 15:05:13,505 - INFO - 类别 0: Precision=0.930, Recall=0.850, F1=0.888
2025-04-28 15:05:13,505 - INFO - 类别 1: Precision=0.759, Recall=0.935, F1=0.838
2025-04-28 15:05:13,505 - INFO - 类别 2: Precision=0.892, Recall=0.871, F1=0.881
2025-04-28 15:05:13,505 - INFO - 类别 3: Precision=0.955, Recall=0.824, F1=0.885
2025-04-28 15:05:13,505 - INFO - 
测试阈值: 0.36
2025-04-28 15:08:06,751 - INFO - 
类别详细指标:
2025-04-28 15:08:06,751 - INFO - 类别 0: Precision=0.923, Recall=0.854, F1=0.887
2025-04-28 15:08:06,751 - INFO - 类别 1: Precision=0.808, Recall=0.899, F1=0.851
2025-04-28 15:08:06,753 - INFO - 类别 2: Precision=0.860, Recall=0.886, F1=0.872
2025-04-28 15:08:06,753 - INFO - 类别 3: Precision=0.927, Recall=0.835, F1=0.878
2025-04-28 15:08:06,753 - INFO - 当前阈值 0.36 的性能:
2025-04-28 15:08:06,753 - INFO - 整体指标:
2025-04-28 15:08:06,753 - INFO -   Precision: 0.875
2025-04-28 15:08:06,753 - INFO -   Recall: 0.871
2025-04-28 15:08:06,753 - INFO -   F1: 0.871
2025-04-28 15:08:06,753 - INFO - 正向类别指标:
2025-04-28 15:08:06,753 - INFO -   Precision: 0.808
2025-04-28 15:08:06,753 - INFO -   Recall: 0.899
2025-04-28 15:08:06,753 - INFO -   F1: 0.851
2025-04-28 15:08:06,753 - INFO - 综合得分: 0.832
2025-04-28 15:08:06,753 - INFO - 
测试阈值: 0.38
2025-04-28 15:11:02,953 - INFO - 
类别详细指标:
2025-04-28 15:11:02,954 - INFO - 类别 0: Precision=0.920, Recall=0.856, F1=0.887
2025-04-28 15:11:02,955 - INFO - 类别 1: Precision=0.831, Recall=0.878, F1=0.854
2025-04-28 15:11:02,955 - INFO - 类别 2: Precision=0.846, Recall=0.893, F1=0.869
2025-04-28 15:11:02,955 - INFO - 类别 3: Precision=0.916, Recall=0.841, F1=0.877
2025-04-28 15:11:02,956 - INFO - 当前阈值 0.38 的性能:
2025-04-28 15:11:02,957 - INFO - 整体指标:
2025-04-28 15:11:02,957 - INFO -   Precision: 0.873
2025-04-28 15:11:02,957 - INFO -   Recall: 0.870
2025-04-28 15:11:02,957 - INFO -   F1: 0.870
2025-04-28 15:11:02,958 - INFO - 正向类别指标:
2025-04-28 15:11:02,958 - INFO -   Precision: 0.831
2025-04-28 15:11:02,958 - INFO -   Recall: 0.878
2025-04-28 15:11:02,959 - INFO -   F1: 0.854
2025-04-28 15:11:02,959 - INFO - 综合得分: 0.845
2025-04-28 15:11:02,959 - INFO - 
测试阈值: 0.40
2025-04-28 15:14:03,429 - INFO - 
类别详细指标:
2025-04-28 15:14:03,429 - INFO - 类别 0: Precision=0.917, Recall=0.858, F1=0.887
2025-04-28 15:14:03,430 - INFO - 类别 1: Precision=0.851, Recall=0.858, F1=0.855
2025-04-28 15:14:03,430 - INFO - 类别 2: Precision=0.833, Recall=0.899, F1=0.865
2025-04-28 15:14:03,431 - INFO - 类别 3: Precision=0.908, Recall=0.845, F1=0.875
2025-04-28 15:14:03,432 - INFO - 当前阈值 0.40 的性能:
2025-04-28 15:14:03,432 - INFO - 整体指标:
2025-04-28 15:14:03,433 - INFO -   Precision: 0.871
2025-04-28 15:14:03,433 - INFO -   Recall: 0.869
2025-04-28 15:14:03,433 - INFO -   F1: 0.869
2025-04-28 15:14:03,434 - INFO - 正向类别指标:
2025-04-28 15:14:03,434 - INFO -   Precision: 0.851
2025-04-28 15:14:03,434 - INFO -   Recall: 0.858
2025-04-28 15:14:03,434 - INFO -   F1: 0.855
2025-04-28 15:14:03,435 - INFO - 综合得分: 0.857
2025-04-28 15:14:03,435 - INFO - 
测试阈值: 0.42
2025-04-28 15:17:04,098 - INFO - 
类别详细指标:
2025-04-28 15:17:04,099 - INFO - 类别 0: Precision=0.914, Recall=0.861, F1=0.886
2025-04-28 15:17:04,099 - INFO - 类别 1: Precision=0.875, Recall=0.836, F1=0.855
2025-04-28 15:17:04,099 - INFO - 类别 2: Precision=0.824, Recall=0.907, F1=0.864
2025-04-28 15:17:04,100 - INFO - 类别 3: Precision=0.896, Recall=0.848, F1=0.871
2025-04-28 15:17:04,101 - INFO - 当前阈值 0.42 的性能:
2025-04-28 15:17:04,101 - INFO - 整体指标:
2025-04-28 15:17:04,102 - INFO -   Precision: 0.870
2025-04-28 15:17:04,102 - INFO -   Recall: 0.867
2025-04-28 15:17:04,102 - INFO -   F1: 0.868
2025-04-28 15:17:04,102 - INFO - 正向类别指标:
2025-04-28 15:17:04,103 - INFO -   Precision: 0.875
2025-04-28 15:17:04,103 - INFO -   Recall: 0.836
2025-04-28 15:17:04,103 - INFO -   F1: 0.855
2025-04-28 15:17:04,104 - INFO - 综合得分: 0.871
2025-04-28 15:17:04,104 - INFO - 
测试阈值: 0.44
2025-04-28 15:20:04,416 - INFO - 
类别详细指标:
2025-04-28 15:20:04,416 - INFO - 类别 0: Precision=0.908, Recall=0.863, F1=0.885
2025-04-28 15:20:04,417 - INFO - 类别 1: Precision=0.893, Recall=0.820, F1=0.855
2025-04-28 15:20:04,417 - INFO - 类别 2: Precision=0.817, Recall=0.912, F1=0.862
2025-04-28 15:20:04,417 - INFO - 类别 3: Precision=0.888, Recall=0.851, F1=0.869
2025-04-28 15:20:04,418 - INFO - 当前阈值 0.44 的性能:
2025-04-28 15:20:04,418 - INFO - 整体指标:
2025-04-28 15:20:04,419 - INFO -   Precision: 0.869
2025-04-28 15:20:04,419 - INFO -   Recall: 0.866
2025-04-28 15:20:04,419 - INFO -   F1: 0.866
2025-04-28 15:20:04,419 - INFO - 正向类别指标:
2025-04-28 15:20:04,420 - INFO -   Precision: 0.893
2025-04-28 15:20:04,420 - INFO -   Recall: 0.820
2025-04-28 15:20:04,420 - INFO -   F1: 0.855
2025-04-28 15:20:04,421 - INFO - 综合得分: 0.882
2025-04-28 15:20:04,421 - INFO - 
测试阈值: 0.46
2025-04-28 15:23:05,148 - INFO - 
类别详细指标:
2025-04-28 15:23:05,149 - INFO - 类别 0: Precision=0.901, Recall=0.864, F1=0.882
2025-04-28 15:23:05,149 - INFO - 类别 1: Precision=0.913, Recall=0.804, F1=0.855
2025-04-28 15:23:05,149 - INFO - 类别 2: Precision=0.811, Recall=0.915, F1=0.860
2025-04-28 15:23:05,150 - INFO - 类别 3: Precision=0.880, Recall=0.854, F1=0.867
2025-04-28 15:23:05,151 - INFO - 当前阈值 0.46 的性能:
2025-04-28 15:23:05,151 - INFO - 整体指标:
2025-04-28 15:23:05,151 - INFO -   Precision: 0.869
2025-04-28 15:23:05,151 - INFO -   Recall: 0.865
2025-04-28 15:23:05,153 - INFO -   F1: 0.865
2025-04-28 15:23:05,153 - INFO - 正向类别指标:
2025-04-28 15:23:05,153 - INFO -   Precision: 0.913
2025-04-28 15:23:05,153 - INFO -   Recall: 0.804
2025-04-28 15:23:05,154 - INFO -   F1: 0.855
2025-04-28 15:23:05,154 - INFO - 综合得分: 0.894
2025-04-28 15:23:06,837 - INFO - 已保存精确率对比分析图表: D:\graduation_project\car_sentiment_analysis\src\saved_models\logs\threshold\0.36-0.46\threshold_analysis@0.36-0.46_precision.png
2025-04-28 15:23:08,298 - INFO - 已保存召回率对比分析图表: D:\graduation_project\car_sentiment_analysis\src\saved_models\logs\threshold\0.36-0.46\threshold_analysis@0.36-0.46_recall.png
2025-04-28 15:23:09,685 - INFO - 已保存F1分数对比分析图表: D:\graduation_project\car_sentiment_analysis\src\saved_models\logs\threshold\0.36-0.46\threshold_analysis@0.36-0.46_f1.png
2025-04-28 15:23:10,987 - INFO - 已保存正向类别指标对比分析图表: D:\graduation_project\car_sentiment_analysis\src\saved_models\logs\threshold\0.36-0.46\threshold_analysis@0.36-0.46_positive.png
2025-04-28 15:23:11,017 - INFO - 
配置已保存到 D:\graduation_project\car_sentiment_analysis\src\saved_models\logs\threshold\0.36-0.46\threshold_config@0.36-0.46.json
