2025-05-03 11:31:41,385 - INFO - [car_type_keyword_stats.py:194] - 开始车型类别关键词统计处理
2025-05-03 11:31:41,385 - INFO - [car_type_keyword_stats.py:197] - 正在创建Spark会话...
2025-05-03 11:31:47,249 - INFO - [car_type_keyword_stats.py:199] - Spark会话创建成功
2025-05-03 11:31:47,250 - INFO - [car_type_keyword_stats.py:205] - 已加载 1002 个停用词
2025-05-03 11:31:47,250 - INFO - [car_type_keyword_stats.py:208] - MySQL连接配置: {'driver': 'com.mysql.cj.jdbc.Driver', 'url': 'jdbc:mysql://localhost:3306/media_crawler_raw_data_dy', 'user': 'root', 'password': 'root'}
2025-05-03 11:31:50,038 - INFO - [car_type_keyword_stats.py:216] - 已读取汽车基础信息表
2025-05-03 11:31:50,126 - INFO - [car_type_keyword_stats.py:251] - 开始处理表: toyota_corolla
2025-05-03 11:31:50,266 - INFO - [car_type_keyword_stats.py:274] - 成功处理表 toyota_corolla，耗时 0.14 秒
2025-05-03 11:31:50,266 - INFO - [car_type_keyword_stats.py:251] - 开始处理表: nissan_sylphy
2025-05-03 11:31:50,346 - INFO - [car_type_keyword_stats.py:274] - 成功处理表 nissan_sylphy，耗时 0.08 秒
2025-05-03 11:31:50,346 - INFO - [car_type_keyword_stats.py:251] - 开始处理表: volvo_s60
2025-05-03 11:31:50,409 - INFO - [car_type_keyword_stats.py:274] - 成功处理表 volvo_s60，耗时 0.06 秒
2025-05-03 11:31:50,409 - INFO - [car_type_keyword_stats.py:251] - 开始处理表: volkswagen_lavida
2025-05-03 11:31:50,459 - INFO - [car_type_keyword_stats.py:274] - 成功处理表 volkswagen_lavida，耗时 0.05 秒
2025-05-03 11:31:50,459 - INFO - [car_type_keyword_stats.py:251] - 开始处理表: buick_excelle_gt
2025-05-03 11:31:50,535 - INFO - [car_type_keyword_stats.py:274] - 成功处理表 buick_excelle_gt，耗时 0.08 秒
2025-05-03 11:31:50,535 - INFO - [car_type_keyword_stats.py:251] - 开始处理表: volkswagen_sagitar
2025-05-03 11:31:50,628 - INFO - [car_type_keyword_stats.py:274] - 成功处理表 volkswagen_sagitar，耗时 0.09 秒
2025-05-03 11:31:50,628 - INFO - [car_type_keyword_stats.py:251] - 开始处理表: volkswagen_passat
2025-05-03 11:31:50,703 - INFO - [car_type_keyword_stats.py:274] - 成功处理表 volkswagen_passat，耗时 0.08 秒
2025-05-03 11:31:50,703 - INFO - [car_type_keyword_stats.py:251] - 开始处理表: cadillac_ct4
2025-05-03 11:31:50,780 - INFO - [car_type_keyword_stats.py:274] - 成功处理表 cadillac_ct4，耗时 0.08 秒
2025-05-03 11:31:50,780 - INFO - [car_type_keyword_stats.py:251] - 开始处理表: chery_arrizo_8
2025-05-03 11:31:50,859 - INFO - [car_type_keyword_stats.py:274] - 成功处理表 chery_arrizo_8，耗时 0.08 秒
2025-05-03 11:31:50,860 - INFO - [car_type_keyword_stats.py:251] - 开始处理表: honda_civic
2025-05-03 11:31:50,933 - INFO - [car_type_keyword_stats.py:274] - 成功处理表 honda_civic，耗时 0.07 秒
2025-05-03 11:31:50,933 - INFO - [car_type_keyword_stats.py:251] - 开始处理表: honda_accord
2025-05-03 11:31:51,026 - INFO - [car_type_keyword_stats.py:274] - 成功处理表 honda_accord，耗时 0.09 秒
2025-05-03 11:31:51,026 - INFO - [car_type_keyword_stats.py:251] - 开始处理表: geely_preface
2025-05-03 11:31:51,090 - INFO - [car_type_keyword_stats.py:274] - 成功处理表 geely_preface，耗时 0.06 秒
2025-05-03 11:31:51,090 - INFO - [car_type_keyword_stats.py:251] - 开始处理表: geely_emgrand
2025-05-03 11:31:51,133 - INFO - [car_type_keyword_stats.py:274] - 成功处理表 geely_emgrand，耗时 0.04 秒
2025-05-03 11:31:51,133 - INFO - [car_type_keyword_stats.py:251] - 开始处理表: hongqi_h5
2025-05-03 11:31:51,192 - INFO - [car_type_keyword_stats.py:274] - 成功处理表 hongqi_h5，耗时 0.06 秒
2025-05-03 11:31:51,193 - INFO - [car_type_keyword_stats.py:251] - 开始处理表: changan_eado
2025-05-03 11:31:51,250 - INFO - [car_type_keyword_stats.py:274] - 成功处理表 changan_eado，耗时 0.06 秒
2025-05-03 11:31:51,250 - INFO - [car_type_keyword_stats.py:251] - 开始处理表: geely_xingyue_l
2025-05-03 11:31:51,317 - INFO - [car_type_keyword_stats.py:274] - 成功处理表 geely_xingyue_l，耗时 0.07 秒
2025-05-03 11:31:51,318 - INFO - [car_type_keyword_stats.py:251] - 开始处理表: haval_h5
2025-05-03 11:31:51,381 - INFO - [car_type_keyword_stats.py:274] - 成功处理表 haval_h5，耗时 0.06 秒
2025-05-03 11:31:51,381 - INFO - [car_type_keyword_stats.py:251] - 开始处理表: tank_300
2025-05-03 11:31:51,431 - INFO - [car_type_keyword_stats.py:274] - 成功处理表 tank_300，耗时 0.05 秒
2025-05-03 11:31:51,431 - INFO - [car_type_keyword_stats.py:251] - 开始处理表: byd_song_pro
2025-05-03 11:31:51,475 - INFO - [car_type_keyword_stats.py:274] - 成功处理表 byd_song_pro，耗时 0.04 秒
2025-05-03 11:31:51,475 - INFO - [car_type_keyword_stats.py:251] - 开始处理表: saic_volkswagen_tiguan_l_pro
2025-05-03 11:31:51,522 - INFO - [car_type_keyword_stats.py:274] - 成功处理表 saic_volkswagen_tiguan_l_pro，耗时 0.05 秒
2025-05-03 11:31:51,523 - INFO - [car_type_keyword_stats.py:251] - 开始处理表: bmw_x3
2025-05-03 11:31:51,561 - INFO - [car_type_keyword_stats.py:274] - 成功处理表 bmw_x3，耗时 0.04 秒
2025-05-03 11:31:51,561 - INFO - [car_type_keyword_stats.py:251] - 开始处理表: audi_q5l
2025-05-03 11:31:51,600 - INFO - [car_type_keyword_stats.py:274] - 成功处理表 audi_q5l，耗时 0.04 秒
2025-05-03 11:31:51,601 - INFO - [car_type_keyword_stats.py:251] - 开始处理表: buick_envision
2025-05-03 11:31:51,650 - INFO - [car_type_keyword_stats.py:274] - 成功处理表 buick_envision，耗时 0.05 秒
2025-05-03 11:31:51,650 - INFO - [car_type_keyword_stats.py:251] - 开始处理表: chevrolet_equinox
2025-05-03 11:31:51,693 - INFO - [car_type_keyword_stats.py:274] - 成功处理表 chevrolet_equinox，耗时 0.04 秒
2025-05-03 11:31:51,693 - INFO - [car_type_keyword_stats.py:251] - 开始处理表: jeep_compass
2025-05-03 11:31:51,735 - INFO - [car_type_keyword_stats.py:274] - 成功处理表 jeep_compass，耗时 0.04 秒
2025-05-03 11:31:51,735 - INFO - [car_type_keyword_stats.py:251] - 开始处理表: gac_trumpchi_m8
2025-05-03 11:31:51,775 - INFO - [car_type_keyword_stats.py:274] - 成功处理表 gac_trumpchi_m8，耗时 0.04 秒
2025-05-03 11:31:51,775 - INFO - [car_type_keyword_stats.py:251] - 开始处理表: buick_gl8
2025-05-03 11:31:51,822 - INFO - [car_type_keyword_stats.py:274] - 成功处理表 buick_gl8，耗时 0.05 秒
2025-05-03 11:31:51,822 - INFO - [car_type_keyword_stats.py:251] - 开始处理表: honda_odyssey
2025-05-03 11:31:51,866 - INFO - [car_type_keyword_stats.py:274] - 成功处理表 honda_odyssey，耗时 0.04 秒
2025-05-03 11:31:51,866 - INFO - [car_type_keyword_stats.py:251] - 开始处理表: toyota_sienna
2025-05-03 11:31:51,920 - INFO - [car_type_keyword_stats.py:274] - 成功处理表 toyota_sienna，耗时 0.05 秒
2025-05-03 11:31:51,921 - INFO - [car_type_keyword_stats.py:251] - 开始处理表: saic_volkswagen_viloran
2025-05-03 11:31:51,981 - INFO - [car_type_keyword_stats.py:274] - 成功处理表 saic_volkswagen_viloran，耗时 0.06 秒
2025-05-03 11:31:51,981 - INFO - [car_type_keyword_stats.py:251] - 开始处理表: byd_han
2025-05-03 11:31:52,046 - INFO - [car_type_keyword_stats.py:274] - 成功处理表 byd_han，耗时 0.06 秒
2025-05-03 11:31:52,046 - INFO - [car_type_keyword_stats.py:251] - 开始处理表: gac_aion_aion_s
2025-05-03 11:31:52,102 - INFO - [car_type_keyword_stats.py:274] - 成功处理表 gac_aion_aion_s，耗时 0.06 秒
2025-05-03 11:31:52,102 - INFO - [car_type_keyword_stats.py:251] - 开始处理表: tesla_model_3
2025-05-03 11:31:52,152 - INFO - [car_type_keyword_stats.py:274] - 成功处理表 tesla_model_3，耗时 0.05 秒
2025-05-03 11:31:52,152 - INFO - [car_type_keyword_stats.py:251] - 开始处理表: bmw_i3
2025-05-03 11:31:52,197 - INFO - [car_type_keyword_stats.py:274] - 成功处理表 bmw_i3，耗时 0.04 秒
2025-05-03 11:31:52,197 - INFO - [car_type_keyword_stats.py:251] - 开始处理表: mercedes_benz_eqc
2025-05-03 11:31:52,240 - INFO - [car_type_keyword_stats.py:274] - 成功处理表 mercedes_benz_eqc，耗时 0.04 秒
2025-05-03 11:31:52,240 - INFO - [car_type_keyword_stats.py:251] - 开始处理表: byd_qin_plus_ev
2025-05-03 11:31:52,280 - INFO - [car_type_keyword_stats.py:274] - 成功处理表 byd_qin_plus_ev，耗时 0.04 秒
2025-05-03 11:31:52,281 - INFO - [car_type_keyword_stats.py:251] - 开始处理表: nio_et5
2025-05-03 11:31:52,319 - INFO - [car_type_keyword_stats.py:274] - 成功处理表 nio_et5，耗时 0.04 秒
2025-05-03 11:31:52,319 - INFO - [car_type_keyword_stats.py:251] - 开始处理表: xpeng_p7
2025-05-03 11:31:52,362 - INFO - [car_type_keyword_stats.py:274] - 成功处理表 xpeng_p7，耗时 0.04 秒
2025-05-03 11:31:52,362 - INFO - [car_type_keyword_stats.py:251] - 开始处理表: xiaomi_su7
2025-05-03 11:31:52,398 - INFO - [car_type_keyword_stats.py:274] - 成功处理表 xiaomi_su7，耗时 0.04 秒
2025-05-03 11:31:52,398 - INFO - [car_type_keyword_stats.py:251] - 开始处理表: chery_fengyun_a8
2025-05-03 11:31:52,434 - INFO - [car_type_keyword_stats.py:274] - 成功处理表 chery_fengyun_a8，耗时 0.04 秒
2025-05-03 11:31:52,434 - INFO - [car_type_keyword_stats.py:251] - 开始处理表: byd_song_plus_ev
2025-05-03 11:31:52,472 - INFO - [car_type_keyword_stats.py:274] - 成功处理表 byd_song_plus_ev，耗时 0.04 秒
2025-05-03 11:31:52,472 - INFO - [car_type_keyword_stats.py:251] - 开始处理表: gac_aion_aion_y
2025-05-03 11:31:52,510 - INFO - [car_type_keyword_stats.py:274] - 成功处理表 gac_aion_aion_y，耗时 0.04 秒
2025-05-03 11:31:52,510 - INFO - [car_type_keyword_stats.py:251] - 开始处理表: tesla_model_y
2025-05-03 11:31:52,551 - INFO - [car_type_keyword_stats.py:274] - 成功处理表 tesla_model_y，耗时 0.04 秒
2025-05-03 11:31:52,551 - INFO - [car_type_keyword_stats.py:251] - 开始处理表: nio_es6
2025-05-03 11:31:52,586 - INFO - [car_type_keyword_stats.py:274] - 成功处理表 nio_es6，耗时 0.04 秒
2025-05-03 11:31:52,586 - INFO - [car_type_keyword_stats.py:251] - 开始处理表: xpeng_g6
2025-05-03 11:31:52,623 - INFO - [car_type_keyword_stats.py:274] - 成功处理表 xpeng_g6，耗时 0.04 秒
2025-05-03 11:31:52,623 - INFO - [car_type_keyword_stats.py:251] - 开始处理表: voyah_dreamer
2025-05-03 11:31:52,663 - INFO - [car_type_keyword_stats.py:274] - 成功处理表 voyah_dreamer，耗时 0.04 秒
2025-05-03 11:31:52,665 - INFO - [car_type_keyword_stats.py:251] - 开始处理表: denza_d9
2025-05-03 11:31:52,711 - INFO - [car_type_keyword_stats.py:274] - 成功处理表 denza_d9，耗时 0.05 秒
2025-05-03 11:31:52,711 - INFO - [car_type_keyword_stats.py:251] - 开始处理表: gac_trumpchi_e9
2025-05-03 11:31:52,746 - INFO - [car_type_keyword_stats.py:274] - 成功处理表 gac_trumpchi_e9，耗时 0.04 秒
2025-05-03 11:31:52,746 - INFO - [car_type_keyword_stats.py:251] - 开始处理表: saic_roewe_imax8_ev
2025-05-03 11:31:52,781 - INFO - [car_type_keyword_stats.py:274] - 成功处理表 saic_roewe_imax8_ev，耗时 0.04 秒
2025-05-03 11:31:52,781 - INFO - [car_type_keyword_stats.py:251] - 开始处理表: xpeng_x9
2025-05-03 11:31:52,824 - INFO - [car_type_keyword_stats.py:274] - 成功处理表 xpeng_x9，耗时 0.04 秒
2025-05-03 11:32:23,443 - INFO - [car_type_keyword_stats.py:341] - 成功将关键词统计结果写入目标表
2025-05-03 11:32:23,443 - INFO - [car_type_keyword_stats.py:351] - 车型类别关键词统计处理完成
2025-05-03 11:32:23,443 - INFO - [car_type_keyword_stats.py:352] - 总耗时: 42.06 秒
2025-05-03 11:32:23,444 - INFO - [car_type_keyword_stats.py:353] - 成功处理表数量: 50
2025-05-03 11:32:23,444 - INFO - [car_type_keyword_stats.py:354] - 失败表数量: 0
