2025-05-03 12:03:38,100 - INFO - [car_type_keyword_stats.py:194] - 开始车型类别关键词统计处理
2025-05-03 12:03:38,100 - INFO - [car_type_keyword_stats.py:197] - 正在创建Spark会话...
2025-05-03 12:03:44,470 - INFO - [car_type_keyword_stats.py:199] - Spark会话创建成功
2025-05-03 12:03:44,471 - INFO - [car_type_keyword_stats.py:205] - 已加载 1002 个停用词
2025-05-03 12:03:44,471 - INFO - [car_type_keyword_stats.py:208] - MySQL连接配置: {'driver': 'com.mysql.cj.jdbc.Driver', 'url': 'jdbc:mysql://localhost:3306/media_crawler_raw_data_dy', 'user': 'root', 'password': 'root'}
2025-05-03 12:03:47,436 - INFO - [car_type_keyword_stats.py:216] - 已读取汽车基础信息表
2025-05-03 12:03:47,539 - INFO - [car_type_keyword_stats.py:251] - 开始处理表: toyota_corolla
2025-05-03 12:03:47,653 - INFO - [car_type_keyword_stats.py:274] - 成功处理表 toyota_corolla，耗时 0.11 秒
2025-05-03 12:03:47,653 - INFO - [car_type_keyword_stats.py:251] - 开始处理表: nissan_sylphy
2025-05-03 12:03:47,722 - INFO - [car_type_keyword_stats.py:274] - 成功处理表 nissan_sylphy，耗时 0.07 秒
2025-05-03 12:03:47,722 - INFO - [car_type_keyword_stats.py:251] - 开始处理表: volvo_s60
2025-05-03 12:03:47,772 - INFO - [car_type_keyword_stats.py:274] - 成功处理表 volvo_s60，耗时 0.05 秒
2025-05-03 12:03:47,772 - INFO - [car_type_keyword_stats.py:251] - 开始处理表: volkswagen_lavida
2025-05-03 12:03:47,827 - INFO - [car_type_keyword_stats.py:274] - 成功处理表 volkswagen_lavida，耗时 0.05 秒
2025-05-03 12:03:47,827 - INFO - [car_type_keyword_stats.py:251] - 开始处理表: buick_excelle_gt
2025-05-03 12:03:47,880 - INFO - [car_type_keyword_stats.py:274] - 成功处理表 buick_excelle_gt，耗时 0.05 秒
2025-05-03 12:03:47,880 - INFO - [car_type_keyword_stats.py:251] - 开始处理表: volkswagen_sagitar
2025-05-03 12:03:47,933 - INFO - [car_type_keyword_stats.py:274] - 成功处理表 volkswagen_sagitar，耗时 0.05 秒
2025-05-03 12:03:47,933 - INFO - [car_type_keyword_stats.py:251] - 开始处理表: volkswagen_passat
2025-05-03 12:03:47,990 - INFO - [car_type_keyword_stats.py:274] - 成功处理表 volkswagen_passat，耗时 0.06 秒
2025-05-03 12:03:47,990 - INFO - [car_type_keyword_stats.py:251] - 开始处理表: cadillac_ct4
2025-05-03 12:03:48,049 - INFO - [car_type_keyword_stats.py:274] - 成功处理表 cadillac_ct4，耗时 0.06 秒
2025-05-03 12:03:48,050 - INFO - [car_type_keyword_stats.py:251] - 开始处理表: chery_arrizo_8
2025-05-03 12:03:48,101 - INFO - [car_type_keyword_stats.py:274] - 成功处理表 chery_arrizo_8，耗时 0.05 秒
2025-05-03 12:03:48,101 - INFO - [car_type_keyword_stats.py:251] - 开始处理表: honda_civic
2025-05-03 12:03:48,158 - INFO - [car_type_keyword_stats.py:274] - 成功处理表 honda_civic，耗时 0.06 秒
2025-05-03 12:03:48,160 - INFO - [car_type_keyword_stats.py:251] - 开始处理表: honda_accord
2025-05-03 12:03:48,214 - INFO - [car_type_keyword_stats.py:274] - 成功处理表 honda_accord，耗时 0.06 秒
2025-05-03 12:03:48,215 - INFO - [car_type_keyword_stats.py:251] - 开始处理表: geely_preface
2025-05-03 12:03:48,274 - INFO - [car_type_keyword_stats.py:274] - 成功处理表 geely_preface，耗时 0.06 秒
2025-05-03 12:03:48,274 - INFO - [car_type_keyword_stats.py:251] - 开始处理表: geely_emgrand
2025-05-03 12:03:48,335 - INFO - [car_type_keyword_stats.py:274] - 成功处理表 geely_emgrand，耗时 0.06 秒
2025-05-03 12:03:48,335 - INFO - [car_type_keyword_stats.py:251] - 开始处理表: hongqi_h5
2025-05-03 12:03:48,392 - INFO - [car_type_keyword_stats.py:274] - 成功处理表 hongqi_h5，耗时 0.06 秒
2025-05-03 12:03:48,392 - INFO - [car_type_keyword_stats.py:251] - 开始处理表: changan_eado
2025-05-03 12:03:48,438 - INFO - [car_type_keyword_stats.py:274] - 成功处理表 changan_eado，耗时 0.05 秒
2025-05-03 12:03:48,438 - INFO - [car_type_keyword_stats.py:251] - 开始处理表: geely_xingyue_l
2025-05-03 12:03:48,481 - INFO - [car_type_keyword_stats.py:274] - 成功处理表 geely_xingyue_l，耗时 0.04 秒
2025-05-03 12:03:48,481 - INFO - [car_type_keyword_stats.py:251] - 开始处理表: haval_h5
2025-05-03 12:03:48,522 - INFO - [car_type_keyword_stats.py:274] - 成功处理表 haval_h5，耗时 0.04 秒
2025-05-03 12:03:48,522 - INFO - [car_type_keyword_stats.py:251] - 开始处理表: tank_300
2025-05-03 12:03:48,578 - INFO - [car_type_keyword_stats.py:274] - 成功处理表 tank_300，耗时 0.06 秒
2025-05-03 12:03:48,579 - INFO - [car_type_keyword_stats.py:251] - 开始处理表: byd_song_pro
2025-05-03 12:03:48,619 - INFO - [car_type_keyword_stats.py:274] - 成功处理表 byd_song_pro，耗时 0.04 秒
2025-05-03 12:03:48,619 - INFO - [car_type_keyword_stats.py:251] - 开始处理表: saic_volkswagen_tiguan_l_pro
2025-05-03 12:03:48,665 - INFO - [car_type_keyword_stats.py:274] - 成功处理表 saic_volkswagen_tiguan_l_pro，耗时 0.05 秒
2025-05-03 12:03:48,665 - INFO - [car_type_keyword_stats.py:251] - 开始处理表: bmw_x3
2025-05-03 12:03:48,708 - INFO - [car_type_keyword_stats.py:274] - 成功处理表 bmw_x3，耗时 0.04 秒
2025-05-03 12:03:48,708 - INFO - [car_type_keyword_stats.py:251] - 开始处理表: audi_q5l
2025-05-03 12:03:48,755 - INFO - [car_type_keyword_stats.py:274] - 成功处理表 audi_q5l，耗时 0.05 秒
2025-05-03 12:03:48,756 - INFO - [car_type_keyword_stats.py:251] - 开始处理表: buick_envision
2025-05-03 12:03:48,800 - INFO - [car_type_keyword_stats.py:274] - 成功处理表 buick_envision，耗时 0.04 秒
2025-05-03 12:03:48,800 - INFO - [car_type_keyword_stats.py:251] - 开始处理表: chevrolet_equinox
2025-05-03 12:03:48,838 - INFO - [car_type_keyword_stats.py:274] - 成功处理表 chevrolet_equinox，耗时 0.04 秒
2025-05-03 12:03:48,838 - INFO - [car_type_keyword_stats.py:251] - 开始处理表: jeep_compass
2025-05-03 12:03:48,879 - INFO - [car_type_keyword_stats.py:274] - 成功处理表 jeep_compass，耗时 0.04 秒
2025-05-03 12:03:48,879 - INFO - [car_type_keyword_stats.py:251] - 开始处理表: gac_trumpchi_m8
2025-05-03 12:03:48,923 - INFO - [car_type_keyword_stats.py:274] - 成功处理表 gac_trumpchi_m8，耗时 0.04 秒
2025-05-03 12:03:48,924 - INFO - [car_type_keyword_stats.py:251] - 开始处理表: buick_gl8
2025-05-03 12:03:48,963 - INFO - [car_type_keyword_stats.py:274] - 成功处理表 buick_gl8，耗时 0.04 秒
2025-05-03 12:03:48,963 - INFO - [car_type_keyword_stats.py:251] - 开始处理表: honda_odyssey
2025-05-03 12:03:49,002 - INFO - [car_type_keyword_stats.py:274] - 成功处理表 honda_odyssey，耗时 0.04 秒
2025-05-03 12:03:49,002 - INFO - [car_type_keyword_stats.py:251] - 开始处理表: toyota_sienna
2025-05-03 12:03:49,041 - INFO - [car_type_keyword_stats.py:274] - 成功处理表 toyota_sienna，耗时 0.04 秒
2025-05-03 12:03:49,041 - INFO - [car_type_keyword_stats.py:251] - 开始处理表: saic_volkswagen_viloran
2025-05-03 12:03:49,079 - INFO - [car_type_keyword_stats.py:274] - 成功处理表 saic_volkswagen_viloran，耗时 0.04 秒
2025-05-03 12:03:49,079 - INFO - [car_type_keyword_stats.py:251] - 开始处理表: byd_han
2025-05-03 12:03:49,118 - INFO - [car_type_keyword_stats.py:274] - 成功处理表 byd_han，耗时 0.04 秒
2025-05-03 12:03:49,118 - INFO - [car_type_keyword_stats.py:251] - 开始处理表: gac_aion_aion_s
2025-05-03 12:03:49,162 - INFO - [car_type_keyword_stats.py:274] - 成功处理表 gac_aion_aion_s，耗时 0.04 秒
2025-05-03 12:03:49,162 - INFO - [car_type_keyword_stats.py:251] - 开始处理表: tesla_model_3
2025-05-03 12:03:49,199 - INFO - [car_type_keyword_stats.py:274] - 成功处理表 tesla_model_3，耗时 0.04 秒
2025-05-03 12:03:49,200 - INFO - [car_type_keyword_stats.py:251] - 开始处理表: bmw_i3
2025-05-03 12:03:49,244 - INFO - [car_type_keyword_stats.py:274] - 成功处理表 bmw_i3，耗时 0.04 秒
2025-05-03 12:03:49,244 - INFO - [car_type_keyword_stats.py:251] - 开始处理表: mercedes_benz_eqc
2025-05-03 12:03:49,287 - INFO - [car_type_keyword_stats.py:274] - 成功处理表 mercedes_benz_eqc，耗时 0.04 秒
2025-05-03 12:03:49,288 - INFO - [car_type_keyword_stats.py:251] - 开始处理表: byd_qin_plus_ev
2025-05-03 12:03:49,332 - INFO - [car_type_keyword_stats.py:274] - 成功处理表 byd_qin_plus_ev，耗时 0.04 秒
2025-05-03 12:03:49,332 - INFO - [car_type_keyword_stats.py:251] - 开始处理表: nio_et5
2025-05-03 12:03:49,373 - INFO - [car_type_keyword_stats.py:274] - 成功处理表 nio_et5，耗时 0.04 秒
2025-05-03 12:03:49,374 - INFO - [car_type_keyword_stats.py:251] - 开始处理表: xpeng_p7
2025-05-03 12:03:49,418 - INFO - [car_type_keyword_stats.py:274] - 成功处理表 xpeng_p7，耗时 0.04 秒
2025-05-03 12:03:49,418 - INFO - [car_type_keyword_stats.py:251] - 开始处理表: xiaomi_su7
2025-05-03 12:03:49,464 - INFO - [car_type_keyword_stats.py:274] - 成功处理表 xiaomi_su7，耗时 0.05 秒
2025-05-03 12:03:49,464 - INFO - [car_type_keyword_stats.py:251] - 开始处理表: chery_fengyun_a8
2025-05-03 12:03:49,518 - INFO - [car_type_keyword_stats.py:274] - 成功处理表 chery_fengyun_a8，耗时 0.05 秒
2025-05-03 12:03:49,519 - INFO - [car_type_keyword_stats.py:251] - 开始处理表: byd_song_plus_ev
2025-05-03 12:03:49,572 - INFO - [car_type_keyword_stats.py:274] - 成功处理表 byd_song_plus_ev，耗时 0.05 秒
2025-05-03 12:03:49,572 - INFO - [car_type_keyword_stats.py:251] - 开始处理表: gac_aion_aion_y
2025-05-03 12:03:49,621 - INFO - [car_type_keyword_stats.py:274] - 成功处理表 gac_aion_aion_y，耗时 0.05 秒
2025-05-03 12:03:49,622 - INFO - [car_type_keyword_stats.py:251] - 开始处理表: tesla_model_y
2025-05-03 12:03:49,675 - INFO - [car_type_keyword_stats.py:274] - 成功处理表 tesla_model_y，耗时 0.05 秒
2025-05-03 12:03:49,675 - INFO - [car_type_keyword_stats.py:251] - 开始处理表: nio_es6
2025-05-03 12:03:49,726 - INFO - [car_type_keyword_stats.py:274] - 成功处理表 nio_es6，耗时 0.05 秒
2025-05-03 12:03:49,726 - INFO - [car_type_keyword_stats.py:251] - 开始处理表: xpeng_g6
2025-05-03 12:03:49,769 - INFO - [car_type_keyword_stats.py:274] - 成功处理表 xpeng_g6，耗时 0.04 秒
2025-05-03 12:03:49,770 - INFO - [car_type_keyword_stats.py:251] - 开始处理表: voyah_dreamer
2025-05-03 12:03:49,814 - INFO - [car_type_keyword_stats.py:274] - 成功处理表 voyah_dreamer，耗时 0.04 秒
2025-05-03 12:03:49,814 - INFO - [car_type_keyword_stats.py:251] - 开始处理表: denza_d9
2025-05-03 12:03:49,859 - INFO - [car_type_keyword_stats.py:274] - 成功处理表 denza_d9，耗时 0.05 秒
2025-05-03 12:03:49,860 - INFO - [car_type_keyword_stats.py:251] - 开始处理表: gac_trumpchi_e9
2025-05-03 12:03:49,916 - INFO - [car_type_keyword_stats.py:274] - 成功处理表 gac_trumpchi_e9，耗时 0.06 秒
2025-05-03 12:03:49,916 - INFO - [car_type_keyword_stats.py:251] - 开始处理表: saic_roewe_imax8_ev
2025-05-03 12:03:49,970 - INFO - [car_type_keyword_stats.py:274] - 成功处理表 saic_roewe_imax8_ev，耗时 0.05 秒
2025-05-03 12:03:49,970 - INFO - [car_type_keyword_stats.py:251] - 开始处理表: xpeng_x9
2025-05-03 12:03:50,027 - INFO - [car_type_keyword_stats.py:274] - 成功处理表 xpeng_x9，耗时 0.06 秒
2025-05-03 12:04:21,477 - INFO - [car_type_keyword_stats.py:341] - 成功将关键词统计结果写入目标表
2025-05-03 12:04:21,477 - INFO - [car_type_keyword_stats.py:351] - 车型类别关键词统计处理完成
2025-05-03 12:04:21,477 - INFO - [car_type_keyword_stats.py:352] - 总耗时: 43.38 秒
2025-05-03 12:04:21,477 - INFO - [car_type_keyword_stats.py:353] - 成功处理表数量: 50
2025-05-03 12:04:21,477 - INFO - [car_type_keyword_stats.py:354] - 失败表数量: 0
