2025-05-03 12:06:57,875 - INFO - [car_type_keyword_stats.py:194] - 开始车型类别关键词统计处理
2025-05-03 12:06:57,875 - INFO - [car_type_keyword_stats.py:197] - 正在创建Spark会话...
2025-05-03 12:07:04,752 - INFO - [car_type_keyword_stats.py:199] - Spark会话创建成功
2025-05-03 12:07:04,753 - INFO - [car_type_keyword_stats.py:205] - 已加载 1002 个停用词
2025-05-03 12:07:04,753 - INFO - [car_type_keyword_stats.py:208] - MySQL连接配置: {'driver': 'com.mysql.cj.jdbc.Driver', 'url': 'jdbc:mysql://localhost:3306/media_crawler_raw_data_dy', 'user': 'root', 'password': 'root'}
2025-05-03 12:07:07,553 - INFO - [car_type_keyword_stats.py:216] - 已读取汽车基础信息表
2025-05-03 12:07:07,662 - INFO - [car_type_keyword_stats.py:251] - 开始处理表: toyota_corolla
2025-05-03 12:07:07,776 - INFO - [car_type_keyword_stats.py:274] - 成功处理表 toyota_corolla，耗时 0.11 秒
2025-05-03 12:07:07,776 - INFO - [car_type_keyword_stats.py:251] - 开始处理表: nissan_sylphy
2025-05-03 12:07:07,845 - INFO - [car_type_keyword_stats.py:274] - 成功处理表 nissan_sylphy，耗时 0.07 秒
2025-05-03 12:07:07,845 - INFO - [car_type_keyword_stats.py:251] - 开始处理表: volvo_s60
2025-05-03 12:07:07,910 - INFO - [car_type_keyword_stats.py:274] - 成功处理表 volvo_s60，耗时 0.06 秒
2025-05-03 12:07:07,911 - INFO - [car_type_keyword_stats.py:251] - 开始处理表: volkswagen_lavida
2025-05-03 12:07:07,976 - INFO - [car_type_keyword_stats.py:274] - 成功处理表 volkswagen_lavida，耗时 0.06 秒
2025-05-03 12:07:07,976 - INFO - [car_type_keyword_stats.py:251] - 开始处理表: buick_excelle_gt
2025-05-03 12:07:08,032 - INFO - [car_type_keyword_stats.py:274] - 成功处理表 buick_excelle_gt，耗时 0.06 秒
2025-05-03 12:07:08,032 - INFO - [car_type_keyword_stats.py:251] - 开始处理表: volkswagen_sagitar
2025-05-03 12:07:08,087 - INFO - [car_type_keyword_stats.py:274] - 成功处理表 volkswagen_sagitar，耗时 0.06 秒
2025-05-03 12:07:08,087 - INFO - [car_type_keyword_stats.py:251] - 开始处理表: volkswagen_passat
2025-05-03 12:07:08,134 - INFO - [car_type_keyword_stats.py:274] - 成功处理表 volkswagen_passat，耗时 0.05 秒
2025-05-03 12:07:08,134 - INFO - [car_type_keyword_stats.py:251] - 开始处理表: cadillac_ct4
2025-05-03 12:07:08,179 - INFO - [car_type_keyword_stats.py:274] - 成功处理表 cadillac_ct4，耗时 0.05 秒
2025-05-03 12:07:08,179 - INFO - [car_type_keyword_stats.py:251] - 开始处理表: chery_arrizo_8
2025-05-03 12:07:08,221 - INFO - [car_type_keyword_stats.py:274] - 成功处理表 chery_arrizo_8，耗时 0.04 秒
2025-05-03 12:07:08,221 - INFO - [car_type_keyword_stats.py:251] - 开始处理表: honda_civic
2025-05-03 12:07:08,266 - INFO - [car_type_keyword_stats.py:274] - 成功处理表 honda_civic，耗时 0.04 秒
2025-05-03 12:07:08,266 - INFO - [car_type_keyword_stats.py:251] - 开始处理表: honda_accord
2025-05-03 12:07:08,309 - INFO - [car_type_keyword_stats.py:274] - 成功处理表 honda_accord，耗时 0.04 秒
2025-05-03 12:07:08,309 - INFO - [car_type_keyword_stats.py:251] - 开始处理表: geely_preface
2025-05-03 12:07:08,358 - INFO - [car_type_keyword_stats.py:274] - 成功处理表 geely_preface，耗时 0.05 秒
2025-05-03 12:07:08,358 - INFO - [car_type_keyword_stats.py:251] - 开始处理表: geely_emgrand
2025-05-03 12:07:08,409 - INFO - [car_type_keyword_stats.py:274] - 成功处理表 geely_emgrand，耗时 0.05 秒
2025-05-03 12:07:08,409 - INFO - [car_type_keyword_stats.py:251] - 开始处理表: hongqi_h5
2025-05-03 12:07:08,466 - INFO - [car_type_keyword_stats.py:274] - 成功处理表 hongqi_h5，耗时 0.06 秒
2025-05-03 12:07:08,466 - INFO - [car_type_keyword_stats.py:251] - 开始处理表: changan_eado
2025-05-03 12:07:08,518 - INFO - [car_type_keyword_stats.py:274] - 成功处理表 changan_eado，耗时 0.05 秒
2025-05-03 12:07:08,518 - INFO - [car_type_keyword_stats.py:251] - 开始处理表: geely_xingyue_l
2025-05-03 12:07:08,575 - INFO - [car_type_keyword_stats.py:274] - 成功处理表 geely_xingyue_l，耗时 0.06 秒
2025-05-03 12:07:08,575 - INFO - [car_type_keyword_stats.py:251] - 开始处理表: haval_h5
2025-05-03 12:07:08,632 - INFO - [car_type_keyword_stats.py:274] - 成功处理表 haval_h5，耗时 0.06 秒
2025-05-03 12:07:08,632 - INFO - [car_type_keyword_stats.py:251] - 开始处理表: tank_300
2025-05-03 12:07:08,686 - INFO - [car_type_keyword_stats.py:274] - 成功处理表 tank_300，耗时 0.05 秒
2025-05-03 12:07:08,686 - INFO - [car_type_keyword_stats.py:251] - 开始处理表: byd_song_pro
2025-05-03 12:07:08,737 - INFO - [car_type_keyword_stats.py:274] - 成功处理表 byd_song_pro，耗时 0.05 秒
2025-05-03 12:07:08,737 - INFO - [car_type_keyword_stats.py:251] - 开始处理表: saic_volkswagen_tiguan_l_pro
2025-05-03 12:07:08,802 - INFO - [car_type_keyword_stats.py:274] - 成功处理表 saic_volkswagen_tiguan_l_pro，耗时 0.07 秒
2025-05-03 12:07:08,802 - INFO - [car_type_keyword_stats.py:251] - 开始处理表: bmw_x3
2025-05-03 12:07:08,889 - INFO - [car_type_keyword_stats.py:274] - 成功处理表 bmw_x3，耗时 0.09 秒
2025-05-03 12:07:08,889 - INFO - [car_type_keyword_stats.py:251] - 开始处理表: audi_q5l
2025-05-03 12:07:08,962 - INFO - [car_type_keyword_stats.py:274] - 成功处理表 audi_q5l，耗时 0.07 秒
2025-05-03 12:07:08,962 - INFO - [car_type_keyword_stats.py:251] - 开始处理表: buick_envision
2025-05-03 12:07:09,026 - INFO - [car_type_keyword_stats.py:274] - 成功处理表 buick_envision，耗时 0.06 秒
2025-05-03 12:07:09,027 - INFO - [car_type_keyword_stats.py:251] - 开始处理表: chevrolet_equinox
2025-05-03 12:07:09,099 - INFO - [car_type_keyword_stats.py:274] - 成功处理表 chevrolet_equinox，耗时 0.07 秒
2025-05-03 12:07:09,099 - INFO - [car_type_keyword_stats.py:251] - 开始处理表: jeep_compass
2025-05-03 12:07:09,162 - INFO - [car_type_keyword_stats.py:274] - 成功处理表 jeep_compass，耗时 0.06 秒
2025-05-03 12:07:09,163 - INFO - [car_type_keyword_stats.py:251] - 开始处理表: gac_trumpchi_m8
2025-05-03 12:07:09,236 - INFO - [car_type_keyword_stats.py:274] - 成功处理表 gac_trumpchi_m8，耗时 0.07 秒
2025-05-03 12:07:09,236 - INFO - [car_type_keyword_stats.py:251] - 开始处理表: buick_gl8
2025-05-03 12:07:09,307 - INFO - [car_type_keyword_stats.py:274] - 成功处理表 buick_gl8，耗时 0.07 秒
2025-05-03 12:07:09,307 - INFO - [car_type_keyword_stats.py:251] - 开始处理表: honda_odyssey
2025-05-03 12:07:09,356 - INFO - [car_type_keyword_stats.py:274] - 成功处理表 honda_odyssey，耗时 0.05 秒
2025-05-03 12:07:09,356 - INFO - [car_type_keyword_stats.py:251] - 开始处理表: toyota_sienna
2025-05-03 12:07:09,403 - INFO - [car_type_keyword_stats.py:274] - 成功处理表 toyota_sienna，耗时 0.05 秒
2025-05-03 12:07:09,403 - INFO - [car_type_keyword_stats.py:251] - 开始处理表: saic_volkswagen_viloran
2025-05-03 12:07:09,446 - INFO - [car_type_keyword_stats.py:274] - 成功处理表 saic_volkswagen_viloran，耗时 0.04 秒
2025-05-03 12:07:09,446 - INFO - [car_type_keyword_stats.py:251] - 开始处理表: byd_han
2025-05-03 12:07:09,494 - INFO - [car_type_keyword_stats.py:274] - 成功处理表 byd_han，耗时 0.05 秒
2025-05-03 12:07:09,494 - INFO - [car_type_keyword_stats.py:251] - 开始处理表: gac_aion_aion_s
2025-05-03 12:07:09,547 - INFO - [car_type_keyword_stats.py:274] - 成功处理表 gac_aion_aion_s，耗时 0.05 秒
2025-05-03 12:07:09,547 - INFO - [car_type_keyword_stats.py:251] - 开始处理表: tesla_model_3
2025-05-03 12:07:09,605 - INFO - [car_type_keyword_stats.py:274] - 成功处理表 tesla_model_3，耗时 0.06 秒
2025-05-03 12:07:09,605 - INFO - [car_type_keyword_stats.py:251] - 开始处理表: bmw_i3
2025-05-03 12:07:09,684 - INFO - [car_type_keyword_stats.py:274] - 成功处理表 bmw_i3，耗时 0.08 秒
2025-05-03 12:07:09,686 - INFO - [car_type_keyword_stats.py:251] - 开始处理表: mercedes_benz_eqc
2025-05-03 12:07:09,754 - INFO - [car_type_keyword_stats.py:274] - 成功处理表 mercedes_benz_eqc，耗时 0.07 秒
2025-05-03 12:07:09,754 - INFO - [car_type_keyword_stats.py:251] - 开始处理表: byd_qin_plus_ev
2025-05-03 12:07:09,808 - INFO - [car_type_keyword_stats.py:274] - 成功处理表 byd_qin_plus_ev，耗时 0.05 秒
2025-05-03 12:07:09,808 - INFO - [car_type_keyword_stats.py:251] - 开始处理表: nio_et5
2025-05-03 12:07:09,853 - INFO - [car_type_keyword_stats.py:274] - 成功处理表 nio_et5，耗时 0.05 秒
2025-05-03 12:07:09,854 - INFO - [car_type_keyword_stats.py:251] - 开始处理表: xpeng_p7
2025-05-03 12:07:09,899 - INFO - [car_type_keyword_stats.py:274] - 成功处理表 xpeng_p7，耗时 0.05 秒
2025-05-03 12:07:09,901 - INFO - [car_type_keyword_stats.py:251] - 开始处理表: xiaomi_su7
2025-05-03 12:07:09,953 - INFO - [car_type_keyword_stats.py:274] - 成功处理表 xiaomi_su7，耗时 0.05 秒
2025-05-03 12:07:09,955 - INFO - [car_type_keyword_stats.py:251] - 开始处理表: chery_fengyun_a8
2025-05-03 12:07:10,005 - INFO - [car_type_keyword_stats.py:274] - 成功处理表 chery_fengyun_a8，耗时 0.05 秒
2025-05-03 12:07:10,005 - INFO - [car_type_keyword_stats.py:251] - 开始处理表: byd_song_plus_ev
2025-05-03 12:07:10,059 - INFO - [car_type_keyword_stats.py:274] - 成功处理表 byd_song_plus_ev，耗时 0.05 秒
2025-05-03 12:07:10,059 - INFO - [car_type_keyword_stats.py:251] - 开始处理表: gac_aion_aion_y
2025-05-03 12:07:10,117 - INFO - [car_type_keyword_stats.py:274] - 成功处理表 gac_aion_aion_y，耗时 0.06 秒
2025-05-03 12:07:10,117 - INFO - [car_type_keyword_stats.py:251] - 开始处理表: tesla_model_y
2025-05-03 12:07:10,179 - INFO - [car_type_keyword_stats.py:274] - 成功处理表 tesla_model_y，耗时 0.06 秒
2025-05-03 12:07:10,179 - INFO - [car_type_keyword_stats.py:251] - 开始处理表: nio_es6
2025-05-03 12:07:10,227 - INFO - [car_type_keyword_stats.py:274] - 成功处理表 nio_es6，耗时 0.05 秒
2025-05-03 12:07:10,227 - INFO - [car_type_keyword_stats.py:251] - 开始处理表: xpeng_g6
2025-05-03 12:07:10,264 - INFO - [car_type_keyword_stats.py:274] - 成功处理表 xpeng_g6，耗时 0.04 秒
2025-05-03 12:07:10,265 - INFO - [car_type_keyword_stats.py:251] - 开始处理表: voyah_dreamer
2025-05-03 12:07:10,298 - INFO - [car_type_keyword_stats.py:274] - 成功处理表 voyah_dreamer，耗时 0.03 秒
2025-05-03 12:07:10,298 - INFO - [car_type_keyword_stats.py:251] - 开始处理表: denza_d9
2025-05-03 12:07:10,338 - INFO - [car_type_keyword_stats.py:274] - 成功处理表 denza_d9，耗时 0.04 秒
2025-05-03 12:07:10,338 - INFO - [car_type_keyword_stats.py:251] - 开始处理表: gac_trumpchi_e9
2025-05-03 12:07:10,376 - INFO - [car_type_keyword_stats.py:274] - 成功处理表 gac_trumpchi_e9，耗时 0.04 秒
2025-05-03 12:07:10,378 - INFO - [car_type_keyword_stats.py:251] - 开始处理表: saic_roewe_imax8_ev
2025-05-03 12:07:10,423 - INFO - [car_type_keyword_stats.py:274] - 成功处理表 saic_roewe_imax8_ev，耗时 0.05 秒
2025-05-03 12:07:10,423 - INFO - [car_type_keyword_stats.py:251] - 开始处理表: xpeng_x9
2025-05-03 12:07:10,460 - INFO - [car_type_keyword_stats.py:274] - 成功处理表 xpeng_x9，耗时 0.04 秒
2025-05-03 12:07:39,757 - INFO - [car_type_keyword_stats.py:341] - 成功将关键词统计结果写入目标表
2025-05-03 12:07:39,757 - INFO - [car_type_keyword_stats.py:351] - 车型类别关键词统计处理完成
2025-05-03 12:07:39,757 - INFO - [car_type_keyword_stats.py:352] - 总耗时: 41.88 秒
2025-05-03 12:07:39,757 - INFO - [car_type_keyword_stats.py:353] - 成功处理表数量: 50
2025-05-03 12:07:39,757 - INFO - [car_type_keyword_stats.py:354] - 失败表数量: 0
