2025-05-03 10:14:05,361 - INFO - [car_comment_aggregation.py:191] - 开始评论数据聚合处理
2025-05-03 10:14:05,361 - INFO - [car_comment_aggregation.py:194] - 正在创建Spark会话...
2025-05-03 10:14:11,582 - INFO - [car_comment_aggregation.py:196] - Spark会话创建成功
2025-05-03 10:14:11,582 - INFO - [car_comment_aggregation.py:199] - MySQL连接配置: {'driver': 'com.mysql.cj.jdbc.Driver', 'url': 'jdbc:mysql://localhost:3306/media_crawler_raw_data_dy', 'user': 'root', 'password': 'root'}
2025-05-03 10:14:15,127 - INFO - [car_comment_aggregation.py:271] - 成功处理表 toyota_corolla，耗时 3.55 秒
2025-05-03 10:14:15,413 - INFO - [car_comment_aggregation.py:271] - 成功处理表 nissan_sylphy，耗时 0.29 秒
2025-05-03 10:14:15,696 - INFO - [car_comment_aggregation.py:271] - 成功处理表 volvo_s60，耗时 0.28 秒
2025-05-03 10:14:15,946 - INFO - [car_comment_aggregation.py:271] - 成功处理表 volkswagen_lavida，耗时 0.25 秒
2025-05-03 10:14:16,163 - INFO - [car_comment_aggregation.py:271] - 成功处理表 buick_excelle_gt，耗时 0.22 秒
2025-05-03 10:14:16,365 - INFO - [car_comment_aggregation.py:271] - 成功处理表 volkswagen_sagitar，耗时 0.20 秒
2025-05-03 10:14:16,577 - INFO - [car_comment_aggregation.py:271] - 成功处理表 volkswagen_passat，耗时 0.21 秒
2025-05-03 10:14:16,768 - INFO - [car_comment_aggregation.py:271] - 成功处理表 cadillac_ct4，耗时 0.19 秒
2025-05-03 10:14:16,954 - INFO - [car_comment_aggregation.py:271] - 成功处理表 chery_arrizo_8，耗时 0.19 秒
2025-05-03 10:14:17,195 - INFO - [car_comment_aggregation.py:271] - 成功处理表 honda_civic，耗时 0.24 秒
2025-05-03 10:14:17,378 - INFO - [car_comment_aggregation.py:271] - 成功处理表 honda_accord，耗时 0.18 秒
2025-05-03 10:14:17,607 - INFO - [car_comment_aggregation.py:271] - 成功处理表 geely_preface，耗时 0.23 秒
2025-05-03 10:14:17,829 - INFO - [car_comment_aggregation.py:271] - 成功处理表 geely_emgrand，耗时 0.22 秒
2025-05-03 10:14:18,098 - INFO - [car_comment_aggregation.py:271] - 成功处理表 hongqi_h5，耗时 0.27 秒
2025-05-03 10:14:18,332 - INFO - [car_comment_aggregation.py:271] - 成功处理表 changan_eado，耗时 0.23 秒
2025-05-03 10:14:18,521 - INFO - [car_comment_aggregation.py:271] - 成功处理表 geely_xingyue_l，耗时 0.19 秒
2025-05-03 10:14:18,714 - INFO - [car_comment_aggregation.py:271] - 成功处理表 haval_h5，耗时 0.19 秒
2025-05-03 10:14:18,906 - INFO - [car_comment_aggregation.py:271] - 成功处理表 tank_300，耗时 0.19 秒
2025-05-03 10:14:19,082 - INFO - [car_comment_aggregation.py:271] - 成功处理表 byd_song_pro，耗时 0.18 秒
2025-05-03 10:14:19,279 - INFO - [car_comment_aggregation.py:271] - 成功处理表 saic_volkswagen_tiguan_l_pro，耗时 0.20 秒
2025-05-03 10:14:19,475 - INFO - [car_comment_aggregation.py:271] - 成功处理表 bmw_x3，耗时 0.19 秒
2025-05-03 10:14:19,657 - INFO - [car_comment_aggregation.py:271] - 成功处理表 audi_q5l，耗时 0.18 秒
2025-05-03 10:14:19,834 - INFO - [car_comment_aggregation.py:271] - 成功处理表 buick_envision，耗时 0.18 秒
2025-05-03 10:14:20,032 - INFO - [car_comment_aggregation.py:271] - 成功处理表 chevrolet_equinox，耗时 0.20 秒
2025-05-03 10:14:20,239 - INFO - [car_comment_aggregation.py:271] - 成功处理表 jeep_compass，耗时 0.21 秒
2025-05-03 10:14:20,430 - INFO - [car_comment_aggregation.py:271] - 成功处理表 gac_trumpchi_m8，耗时 0.19 秒
2025-05-03 10:14:20,613 - INFO - [car_comment_aggregation.py:271] - 成功处理表 buick_gl8，耗时 0.18 秒
2025-05-03 10:14:20,819 - INFO - [car_comment_aggregation.py:271] - 成功处理表 honda_odyssey，耗时 0.21 秒
2025-05-03 10:14:20,997 - INFO - [car_comment_aggregation.py:271] - 成功处理表 toyota_sienna，耗时 0.18 秒
2025-05-03 10:14:21,184 - INFO - [car_comment_aggregation.py:271] - 成功处理表 saic_volkswagen_viloran，耗时 0.19 秒
2025-05-03 10:14:21,350 - INFO - [car_comment_aggregation.py:271] - 成功处理表 byd_han，耗时 0.17 秒
2025-05-03 10:14:21,553 - INFO - [car_comment_aggregation.py:271] - 成功处理表 gac_aion_aion_s，耗时 0.20 秒
2025-05-03 10:14:21,710 - INFO - [car_comment_aggregation.py:271] - 成功处理表 tesla_model_3，耗时 0.16 秒
2025-05-03 10:14:21,887 - INFO - [car_comment_aggregation.py:271] - 成功处理表 bmw_i3，耗时 0.18 秒
2025-05-03 10:14:22,054 - INFO - [car_comment_aggregation.py:271] - 成功处理表 mercedes_benz_eqc，耗时 0.17 秒
2025-05-03 10:14:22,224 - INFO - [car_comment_aggregation.py:271] - 成功处理表 byd_qin_plus_ev，耗时 0.17 秒
2025-05-03 10:14:22,401 - INFO - [car_comment_aggregation.py:271] - 成功处理表 nio_et5，耗时 0.18 秒
2025-05-03 10:14:22,584 - INFO - [car_comment_aggregation.py:271] - 成功处理表 xpeng_p7，耗时 0.18 秒
2025-05-03 10:14:22,746 - INFO - [car_comment_aggregation.py:271] - 成功处理表 xiaomi_su7，耗时 0.16 秒
2025-05-03 10:14:22,932 - INFO - [car_comment_aggregation.py:271] - 成功处理表 chery_fengyun_a8，耗时 0.19 秒
2025-05-03 10:14:23,109 - INFO - [car_comment_aggregation.py:271] - 成功处理表 byd_song_plus_ev，耗时 0.18 秒
2025-05-03 10:14:23,280 - INFO - [car_comment_aggregation.py:271] - 成功处理表 gac_aion_aion_y，耗时 0.17 秒
2025-05-03 10:14:23,450 - INFO - [car_comment_aggregation.py:271] - 成功处理表 tesla_model_y，耗时 0.17 秒
2025-05-03 10:14:23,636 - INFO - [car_comment_aggregation.py:271] - 成功处理表 nio_es6，耗时 0.19 秒
2025-05-03 10:14:23,813 - INFO - [car_comment_aggregation.py:271] - 成功处理表 xpeng_g6，耗时 0.18 秒
2025-05-03 10:14:23,979 - INFO - [car_comment_aggregation.py:271] - 成功处理表 voyah_dreamer，耗时 0.17 秒
2025-05-03 10:14:24,145 - INFO - [car_comment_aggregation.py:271] - 成功处理表 denza_d9，耗时 0.17 秒
2025-05-03 10:14:24,319 - INFO - [car_comment_aggregation.py:271] - 成功处理表 gac_trumpchi_e9，耗时 0.17 秒
2025-05-03 10:14:24,482 - INFO - [car_comment_aggregation.py:271] - 成功处理表 saic_roewe_imax8_ev，耗时 0.16 秒
2025-05-03 10:14:24,658 - INFO - [car_comment_aggregation.py:271] - 成功处理表 xpeng_x9，耗时 0.18 秒
2025-05-03 10:14:48,896 - INFO - [car_comment_aggregation.py:289] - 成功将评论数据写入目标表
2025-05-03 10:14:48,896 - INFO - [car_comment_aggregation.py:298] - 评论数据聚合处理完成
2025-05-03 10:14:48,897 - INFO - [car_comment_aggregation.py:299] - 总耗时: 43.54 秒
2025-05-03 10:14:48,897 - INFO - [car_comment_aggregation.py:300] - 成功处理表数量: 50
2025-05-03 10:14:48,897 - INFO - [car_comment_aggregation.py:301] - 失败表数量: 0
