2025-05-03 10:11:16,671 - INFO - [car_comment_aggregation.py:191] - 开始评论数据聚合处理
2025-05-03 10:11:16,671 - INFO - [car_comment_aggregation.py:194] - 正在创建Spark会话...
2025-05-03 10:11:23,750 - INFO - [car_comment_aggregation.py:196] - Spark会话创建成功
2025-05-03 10:11:23,750 - INFO - [car_comment_aggregation.py:199] - MySQL连接配置: {'driver': 'com.mysql.cj.jdbc.Driver', 'url': 'jdbc:mysql://localhost:3306/media_crawler_raw_data_dy', 'user': 'root', 'password': 'root'}
2025-05-03 10:11:27,297 - ERROR - [car_comment_aggregation.py:184] - 处理表 toyota_corolla 时发生错误: name 'lit' is not defined
2025-05-03 10:11:27,298 - ERROR - [car_comment_aggregation.py:275] - 处理表 toyota_corolla 时发生错误: name 'lit' is not defined
2025-05-03 10:11:27,440 - ERROR - [car_comment_aggregation.py:184] - 处理表 nissan_sylphy 时发生错误: name 'lit' is not defined
2025-05-03 10:11:27,440 - ERROR - [car_comment_aggregation.py:275] - 处理表 nissan_sylphy 时发生错误: name 'lit' is not defined
2025-05-03 10:11:27,579 - ERROR - [car_comment_aggregation.py:184] - 处理表 volvo_s60 时发生错误: name 'lit' is not defined
2025-05-03 10:11:27,580 - ERROR - [car_comment_aggregation.py:275] - 处理表 volvo_s60 时发生错误: name 'lit' is not defined
2025-05-03 10:11:27,710 - ERROR - [car_comment_aggregation.py:184] - 处理表 volkswagen_lavida 时发生错误: name 'lit' is not defined
2025-05-03 10:11:27,710 - ERROR - [car_comment_aggregation.py:275] - 处理表 volkswagen_lavida 时发生错误: name 'lit' is not defined
2025-05-03 10:11:27,843 - ERROR - [car_comment_aggregation.py:184] - 处理表 buick_excelle_gt 时发生错误: name 'lit' is not defined
2025-05-03 10:11:27,844 - ERROR - [car_comment_aggregation.py:275] - 处理表 buick_excelle_gt 时发生错误: name 'lit' is not defined
2025-05-03 10:11:27,960 - ERROR - [car_comment_aggregation.py:184] - 处理表 volkswagen_sagitar 时发生错误: name 'lit' is not defined
2025-05-03 10:11:27,960 - ERROR - [car_comment_aggregation.py:275] - 处理表 volkswagen_sagitar 时发生错误: name 'lit' is not defined
2025-05-03 10:11:28,098 - ERROR - [car_comment_aggregation.py:184] - 处理表 volkswagen_passat 时发生错误: name 'lit' is not defined
2025-05-03 10:11:28,098 - ERROR - [car_comment_aggregation.py:275] - 处理表 volkswagen_passat 时发生错误: name 'lit' is not defined
2025-05-03 10:11:28,206 - ERROR - [car_comment_aggregation.py:184] - 处理表 cadillac_ct4 时发生错误: name 'lit' is not defined
2025-05-03 10:11:28,206 - ERROR - [car_comment_aggregation.py:275] - 处理表 cadillac_ct4 时发生错误: name 'lit' is not defined
2025-05-03 10:11:28,315 - ERROR - [car_comment_aggregation.py:184] - 处理表 chery_arrizo_8 时发生错误: name 'lit' is not defined
2025-05-03 10:11:28,315 - ERROR - [car_comment_aggregation.py:275] - 处理表 chery_arrizo_8 时发生错误: name 'lit' is not defined
2025-05-03 10:11:28,437 - ERROR - [car_comment_aggregation.py:184] - 处理表 honda_civic 时发生错误: name 'lit' is not defined
2025-05-03 10:11:28,437 - ERROR - [car_comment_aggregation.py:275] - 处理表 honda_civic 时发生错误: name 'lit' is not defined
2025-05-03 10:11:28,547 - ERROR - [car_comment_aggregation.py:184] - 处理表 honda_accord 时发生错误: name 'lit' is not defined
2025-05-03 10:11:28,547 - ERROR - [car_comment_aggregation.py:275] - 处理表 honda_accord 时发生错误: name 'lit' is not defined
2025-05-03 10:11:28,655 - ERROR - [car_comment_aggregation.py:184] - 处理表 geely_preface 时发生错误: name 'lit' is not defined
2025-05-03 10:11:28,655 - ERROR - [car_comment_aggregation.py:275] - 处理表 geely_preface 时发生错误: name 'lit' is not defined
2025-05-03 10:11:28,774 - ERROR - [car_comment_aggregation.py:184] - 处理表 geely_emgrand 时发生错误: name 'lit' is not defined
2025-05-03 10:11:28,774 - ERROR - [car_comment_aggregation.py:275] - 处理表 geely_emgrand 时发生错误: name 'lit' is not defined
2025-05-03 10:11:28,901 - ERROR - [car_comment_aggregation.py:184] - 处理表 hongqi_h5 时发生错误: name 'lit' is not defined
2025-05-03 10:11:28,901 - ERROR - [car_comment_aggregation.py:275] - 处理表 hongqi_h5 时发生错误: name 'lit' is not defined
2025-05-03 10:11:29,021 - ERROR - [car_comment_aggregation.py:184] - 处理表 changan_eado 时发生错误: name 'lit' is not defined
2025-05-03 10:11:29,021 - ERROR - [car_comment_aggregation.py:275] - 处理表 changan_eado 时发生错误: name 'lit' is not defined
2025-05-03 10:11:29,124 - ERROR - [car_comment_aggregation.py:184] - 处理表 geely_xingyue_l 时发生错误: name 'lit' is not defined
2025-05-03 10:11:29,124 - ERROR - [car_comment_aggregation.py:275] - 处理表 geely_xingyue_l 时发生错误: name 'lit' is not defined
2025-05-03 10:11:29,220 - ERROR - [car_comment_aggregation.py:184] - 处理表 haval_h5 时发生错误: name 'lit' is not defined
2025-05-03 10:11:29,220 - ERROR - [car_comment_aggregation.py:275] - 处理表 haval_h5 时发生错误: name 'lit' is not defined
2025-05-03 10:11:29,319 - ERROR - [car_comment_aggregation.py:184] - 处理表 tank_300 时发生错误: name 'lit' is not defined
2025-05-03 10:11:29,319 - ERROR - [car_comment_aggregation.py:275] - 处理表 tank_300 时发生错误: name 'lit' is not defined
2025-05-03 10:11:29,425 - ERROR - [car_comment_aggregation.py:184] - 处理表 byd_song_pro 时发生错误: name 'lit' is not defined
2025-05-03 10:11:29,425 - ERROR - [car_comment_aggregation.py:275] - 处理表 byd_song_pro 时发生错误: name 'lit' is not defined
2025-05-03 10:11:29,515 - ERROR - [car_comment_aggregation.py:184] - 处理表 saic_volkswagen_tiguan_l_pro 时发生错误: name 'lit' is not defined
2025-05-03 10:11:29,515 - ERROR - [car_comment_aggregation.py:275] - 处理表 saic_volkswagen_tiguan_l_pro 时发生错误: name 'lit' is not defined
2025-05-03 10:11:29,614 - ERROR - [car_comment_aggregation.py:184] - 处理表 bmw_x3 时发生错误: name 'lit' is not defined
2025-05-03 10:11:29,614 - ERROR - [car_comment_aggregation.py:275] - 处理表 bmw_x3 时发生错误: name 'lit' is not defined
2025-05-03 10:11:29,712 - ERROR - [car_comment_aggregation.py:184] - 处理表 audi_q5l 时发生错误: name 'lit' is not defined
2025-05-03 10:11:29,712 - ERROR - [car_comment_aggregation.py:275] - 处理表 audi_q5l 时发生错误: name 'lit' is not defined
2025-05-03 10:11:29,800 - ERROR - [car_comment_aggregation.py:184] - 处理表 buick_envision 时发生错误: name 'lit' is not defined
2025-05-03 10:11:29,800 - ERROR - [car_comment_aggregation.py:275] - 处理表 buick_envision 时发生错误: name 'lit' is not defined
2025-05-03 10:11:29,903 - ERROR - [car_comment_aggregation.py:184] - 处理表 chevrolet_equinox 时发生错误: name 'lit' is not defined
2025-05-03 10:11:29,903 - ERROR - [car_comment_aggregation.py:275] - 处理表 chevrolet_equinox 时发生错误: name 'lit' is not defined
2025-05-03 10:11:29,999 - ERROR - [car_comment_aggregation.py:184] - 处理表 jeep_compass 时发生错误: name 'lit' is not defined
2025-05-03 10:11:29,999 - ERROR - [car_comment_aggregation.py:275] - 处理表 jeep_compass 时发生错误: name 'lit' is not defined
2025-05-03 10:11:30,082 - ERROR - [car_comment_aggregation.py:184] - 处理表 gac_trumpchi_m8 时发生错误: name 'lit' is not defined
2025-05-03 10:11:30,082 - ERROR - [car_comment_aggregation.py:275] - 处理表 gac_trumpchi_m8 时发生错误: name 'lit' is not defined
2025-05-03 10:11:30,185 - ERROR - [car_comment_aggregation.py:184] - 处理表 buick_gl8 时发生错误: name 'lit' is not defined
2025-05-03 10:11:30,185 - ERROR - [car_comment_aggregation.py:275] - 处理表 buick_gl8 时发生错误: name 'lit' is not defined
2025-05-03 10:11:30,285 - ERROR - [car_comment_aggregation.py:184] - 处理表 honda_odyssey 时发生错误: name 'lit' is not defined
2025-05-03 10:11:30,285 - ERROR - [car_comment_aggregation.py:275] - 处理表 honda_odyssey 时发生错误: name 'lit' is not defined
2025-05-03 10:11:30,395 - ERROR - [car_comment_aggregation.py:184] - 处理表 toyota_sienna 时发生错误: name 'lit' is not defined
2025-05-03 10:11:30,395 - ERROR - [car_comment_aggregation.py:275] - 处理表 toyota_sienna 时发生错误: name 'lit' is not defined
2025-05-03 10:11:30,496 - ERROR - [car_comment_aggregation.py:184] - 处理表 saic_volkswagen_viloran 时发生错误: name 'lit' is not defined
2025-05-03 10:11:30,496 - ERROR - [car_comment_aggregation.py:275] - 处理表 saic_volkswagen_viloran 时发生错误: name 'lit' is not defined
2025-05-03 10:11:30,600 - ERROR - [car_comment_aggregation.py:184] - 处理表 byd_han 时发生错误: name 'lit' is not defined
2025-05-03 10:11:30,600 - ERROR - [car_comment_aggregation.py:275] - 处理表 byd_han 时发生错误: name 'lit' is not defined
2025-05-03 10:11:30,722 - ERROR - [car_comment_aggregation.py:184] - 处理表 gac_aion_aion_s 时发生错误: name 'lit' is not defined
2025-05-03 10:11:30,722 - ERROR - [car_comment_aggregation.py:275] - 处理表 gac_aion_aion_s 时发生错误: name 'lit' is not defined
2025-05-03 10:11:30,828 - ERROR - [car_comment_aggregation.py:184] - 处理表 tesla_model_3 时发生错误: name 'lit' is not defined
2025-05-03 10:11:30,828 - ERROR - [car_comment_aggregation.py:275] - 处理表 tesla_model_3 时发生错误: name 'lit' is not defined
2025-05-03 10:11:30,923 - ERROR - [car_comment_aggregation.py:184] - 处理表 bmw_i3 时发生错误: name 'lit' is not defined
2025-05-03 10:11:30,923 - ERROR - [car_comment_aggregation.py:275] - 处理表 bmw_i3 时发生错误: name 'lit' is not defined
2025-05-03 10:11:31,009 - ERROR - [car_comment_aggregation.py:184] - 处理表 mercedes_benz_eqc 时发生错误: name 'lit' is not defined
2025-05-03 10:11:31,009 - ERROR - [car_comment_aggregation.py:275] - 处理表 mercedes_benz_eqc 时发生错误: name 'lit' is not defined
2025-05-03 10:11:31,116 - ERROR - [car_comment_aggregation.py:184] - 处理表 byd_qin_plus_ev 时发生错误: name 'lit' is not defined
2025-05-03 10:11:31,116 - ERROR - [car_comment_aggregation.py:275] - 处理表 byd_qin_plus_ev 时发生错误: name 'lit' is not defined
2025-05-03 10:11:31,217 - ERROR - [car_comment_aggregation.py:184] - 处理表 nio_et5 时发生错误: name 'lit' is not defined
2025-05-03 10:11:31,217 - ERROR - [car_comment_aggregation.py:275] - 处理表 nio_et5 时发生错误: name 'lit' is not defined
2025-05-03 10:11:31,308 - ERROR - [car_comment_aggregation.py:184] - 处理表 xpeng_p7 时发生错误: name 'lit' is not defined
2025-05-03 10:11:31,308 - ERROR - [car_comment_aggregation.py:275] - 处理表 xpeng_p7 时发生错误: name 'lit' is not defined
2025-05-03 10:11:31,401 - ERROR - [car_comment_aggregation.py:184] - 处理表 xiaomi_su7 时发生错误: name 'lit' is not defined
2025-05-03 10:11:31,401 - ERROR - [car_comment_aggregation.py:275] - 处理表 xiaomi_su7 时发生错误: name 'lit' is not defined
2025-05-03 10:11:31,487 - ERROR - [car_comment_aggregation.py:184] - 处理表 chery_fengyun_a8 时发生错误: name 'lit' is not defined
2025-05-03 10:11:31,487 - ERROR - [car_comment_aggregation.py:275] - 处理表 chery_fengyun_a8 时发生错误: name 'lit' is not defined
2025-05-03 10:11:31,571 - ERROR - [car_comment_aggregation.py:184] - 处理表 byd_song_plus_ev 时发生错误: name 'lit' is not defined
2025-05-03 10:11:31,571 - ERROR - [car_comment_aggregation.py:275] - 处理表 byd_song_plus_ev 时发生错误: name 'lit' is not defined
2025-05-03 10:11:31,663 - ERROR - [car_comment_aggregation.py:184] - 处理表 gac_aion_aion_y 时发生错误: name 'lit' is not defined
2025-05-03 10:11:31,664 - ERROR - [car_comment_aggregation.py:275] - 处理表 gac_aion_aion_y 时发生错误: name 'lit' is not defined
2025-05-03 10:11:31,756 - ERROR - [car_comment_aggregation.py:184] - 处理表 tesla_model_y 时发生错误: name 'lit' is not defined
2025-05-03 10:11:31,756 - ERROR - [car_comment_aggregation.py:275] - 处理表 tesla_model_y 时发生错误: name 'lit' is not defined
2025-05-03 10:11:31,848 - ERROR - [car_comment_aggregation.py:184] - 处理表 nio_es6 时发生错误: name 'lit' is not defined
2025-05-03 10:11:31,848 - ERROR - [car_comment_aggregation.py:275] - 处理表 nio_es6 时发生错误: name 'lit' is not defined
2025-05-03 10:11:31,953 - ERROR - [car_comment_aggregation.py:184] - 处理表 xpeng_g6 时发生错误: name 'lit' is not defined
2025-05-03 10:11:31,953 - ERROR - [car_comment_aggregation.py:275] - 处理表 xpeng_g6 时发生错误: name 'lit' is not defined
2025-05-03 10:11:32,059 - ERROR - [car_comment_aggregation.py:184] - 处理表 voyah_dreamer 时发生错误: name 'lit' is not defined
2025-05-03 10:11:32,059 - ERROR - [car_comment_aggregation.py:275] - 处理表 voyah_dreamer 时发生错误: name 'lit' is not defined
2025-05-03 10:11:32,182 - ERROR - [car_comment_aggregation.py:184] - 处理表 denza_d9 时发生错误: name 'lit' is not defined
2025-05-03 10:11:32,183 - ERROR - [car_comment_aggregation.py:275] - 处理表 denza_d9 时发生错误: name 'lit' is not defined
2025-05-03 10:11:32,287 - ERROR - [car_comment_aggregation.py:184] - 处理表 gac_trumpchi_e9 时发生错误: name 'lit' is not defined
2025-05-03 10:11:32,288 - ERROR - [car_comment_aggregation.py:275] - 处理表 gac_trumpchi_e9 时发生错误: name 'lit' is not defined
2025-05-03 10:11:32,390 - ERROR - [car_comment_aggregation.py:184] - 处理表 saic_roewe_imax8_ev 时发生错误: name 'lit' is not defined
2025-05-03 10:11:32,391 - ERROR - [car_comment_aggregation.py:275] - 处理表 saic_roewe_imax8_ev 时发生错误: name 'lit' is not defined
2025-05-03 10:11:32,479 - ERROR - [car_comment_aggregation.py:184] - 处理表 xpeng_x9 时发生错误: name 'lit' is not defined
2025-05-03 10:11:32,479 - ERROR - [car_comment_aggregation.py:275] - 处理表 xpeng_x9 时发生错误: name 'lit' is not defined
2025-05-03 10:11:32,479 - WARNING - [car_comment_aggregation.py:293] - 没有成功处理任何数据表
2025-05-03 10:11:32,479 - INFO - [car_comment_aggregation.py:298] - 评论数据聚合处理完成
2025-05-03 10:11:32,481 - INFO - [car_comment_aggregation.py:299] - 总耗时: 15.81 秒
2025-05-03 10:11:32,481 - INFO - [car_comment_aggregation.py:300] - 成功处理表数量: 0
2025-05-03 10:11:32,481 - INFO - [car_comment_aggregation.py:301] - 失败表数量: 50
